0	 4k	 read	 1	 1	 numactl	-C	0-0	-m	0	10.4k	 42.6MB/s	    92.58	 4.06%	 20.26%	
1	 4k	 read	 1	 8	 numactl	-C	0-0	-m	0	41.2k	 169MB/s	   190.90	 14.35%	 84.53%	
2	 4k	 read	 1	 16	 numactl	-C	0-0	-m	0	41.3k	 169MB/s	   383.92	 14.15%	 85.58%	
3	 4k	 read	 1	 32	 numactl	-C	0-0	-m	0	41.1k	 168MB/s	   775.05	 14.22%	 85.55%	
4	 4k	 read	 1	 64	 numactl	-C	0-0	-m	0	41.3k	 169MB/s	  1544.26	 14.20%	 85.55%	
5	 4k	 read	 1	 128	 numactl	-C	0-0	-m	0	41.7k	 171MB/s	  3069.58	 14.65%	 84.98%	
6	 4k	 read	 1	 256	 numactl	-C	0-0	-m	0	48.9k	 200MB/s	  5236.73	 14.02%	 50.82%	
7	 4k	 read	 8	 1	 numactl	-C	0-7	-m	0	7208	 29.5MB/s	  1105.79	 0.39%	 1.96%	
8	 4k	 read	 8	 8	 numactl	-C	0-7	-m	0	28.8k	 118MB/s	  2218.30	 1.28%	 6.74%	
9	 4k	 read	 8	 16	 numactl	-C	0-7	-m	0	34.2k	 140MB/s	  3739.00	 1.46%	 7.79%	
10	 4k	 read	 8	 32	 numactl	-C	0-7	-m	0	39.9k	 164MB/s	  6409.66	 1.69%	 8.44%	
11	 4k	 read	 8	 64	 numactl	-C	0-7	-m	0	42.8k	 175MB/s	 11985.07	 1.71%	 7.68%	
12	 4k	 read	 8	 128	 numactl	-C	0-7	-m	0	43.3k	 178MB/s	 23638.20	 1.63%	 6.85%	
13	 4k	 read	 8	 256	 numactl	-C	0-7	-m	0	47.3k	 194MB/s	 43177.75	 1.79%	 5.33%	
14	 4k	 read	 16	 1	 numactl	-C	0-15	-m	0	6756	 27.7MB/s	  2362.60	 0.18%	 0.92%	
15	 4k	 read	 16	 8	 numactl	-C	0-15	-m	0	27.0k	 111MB/s	  4737.28	 0.60%	 3.11%	
16	 4k	 read	 16	 16	 numactl	-C	0-15	-m	0	31.5k	 129MB/s	  8110.67	 0.65%	 3.15%	
17	 4k	 read	 16	 32	 numactl	-C	0-15	-m	0	34.2k	 140MB/s	 14965.38	 0.68%	 3.21%	
18	 4k	 read	 16	 64	 numactl	-C	0-15	-m	0	36.2k	 148MB/s	 28285.15	 0.74%	 2.91%	
19	 4k	 read	 16	 128	 numactl	-C	0-15	-m	0	44.4k	 182MB/s	 46071.45	 0.85%	 2.98%	
20	 4k	 read	 16	 256	 numactl	-C	0-15	-m	0	51.0k	 213MB/s	 78690.15	 0.99%	 2.68%	
21	 4k	 read	 32	 1	 numactl	-C	0-31	-m	0	6438	 26.4MB/s	  4949.59	 0.09%	 0.44%	
22	 4k	 read	 32	 8	 numactl	-C	0-31	-m	0	25.3k	 104MB/s	 10102.55	 0.29%	 1.22%	
23	 4k	 read	 32	 16	 numactl	-C	0-31	-m	0	31.5k	 129MB/s	 16254.22	 0.32%	 1.36%	
24	 4k	 read	 32	 32	 numactl	-C	0-31	-m	0	38.3k	 157MB/s	 26702.55	 0.38%	 1.37%	
25	 4k	 read	 32	 64	 numactl	-C	0-31	-m	0	46.6k	 191MB/s	 43940.90	 0.44%	 1.50%	
26	 4k	 read	 32	 128	 numactl	-C	0-31	-m	0	49.9k	 205MB/s	 81289.94	 0.46%	 1.56%	
27	 4k	 read	 32	 256	 numactl	-C	0-31	-m	0	54.3k	 223MB/s	 150538.66	 0.48%	 1.44%	
28	 4k	 read	 64	 1	 numactl	-C	0-63	-m	0	7540	 30.9MB/s	  8448.08	 0.07%	 0.24%	
29	 4k	 read	 64	 8	 numactl	-C	0-63	-m	0	26.8k	 110MB/s	 19026.01	 0.15%	 0.57%	
30	 4k	 read	 64	 16	 numactl	-C	0-63	-m	0	31.0k	 131MB/s	 32230.16	 0.16%	 0.59%	
31	 4k	 read	 64	 32	 numactl	-C	0-63	-m	0	37.5k	 154MB/s	 54671.85	 0.18%	 0.63%	
32	 4k	 read	 64	 64	 numactl	-C	0-63	-m	0	43.8k	 180MB/s	 93548.91	 0.20%	 0.66%	
33	 4k	 read	 64	 128	 numactl	-C	0-63	-m	0	61.3k	 252MB/s	 132932.09	 0.29%	 0.88%	
34	 4k	 read	 64	 256	 numactl	-C	0-63	-m	0	79.6k	 327MB/s	 205577.97	 0.38%	 1.16%	
35	 4k	 write	 1	 1	 numactl	-C	0-0	-m	0	9981	 40.9MB/s	    96.62	 4.09%	 21.74%	
36	 4k	 write	 1	 8	 numactl	-C	0-0	-m	0	39.1k	 160MB/s	   201.16	 13.79%	 81.88%	
37	 4k	 write	 1	 16	 numactl	-C	0-0	-m	0	39.8k	 163MB/s	   398.25	 14.40%	 82.75%	
38	 4k	 write	 1	 32	 numactl	-C	0-0	-m	0	40.4k	 166MB/s	   787.65	 14.00%	 85.42%	
39	 4k	 write	 1	 64	 numactl	-C	0-0	-m	0	40.4k	 166MB/s	  1578.94	 14.37%	 85.11%	
40	 4k	 write	 1	 128	 numactl	-C	0-0	-m	0	40.4k	 166MB/s	  3161.84	 14.95%	 84.45%	
41	 4k	 write	 1	 256	 numactl	-C	0-0	-m	0	45.6k	 187MB/s	  5611.42	 16.11%	 67.94%	
42	 4k	 write	 8	 1	 numactl	-C	0-7	-m	0	4282	 17.5MB/s	  1863.94	 0.26%	 1.26%	
43	 4k	 write	 8	 8	 numactl	-C	0-7	-m	0	27.1k	 111MB/s	  2353.98	 1.23%	 7.13%	
44	 4k	 write	 8	 16	 numactl	-C	0-7	-m	0	29.7k	 122MB/s	  4320.51	 1.34%	 7.51%	
45	 4k	 write	 8	 32	 numactl	-C	0-7	-m	0	30.4k	 125MB/s	  8413.92	 1.38%	 7.48%	
46	 4k	 write	 8	 64	 numactl	-C	0-7	-m	0	31.7k	 130MB/s	 16151.44	 1.43%	 7.15%	
47	 4k	 write	 8	 128	 numactl	-C	0-7	-m	0	33.3k	 136MB/s	 30822.95	 1.38%	 7.18%	
48	 4k	 write	 8	 256	 numactl	-C	0-7	-m	0	33.1k	 136MB/s	 61893.87	 1.27%	 3.63%	
49	 4k	 write	 16	 1	 numactl	-C	0-15	-m	0	4078	 16.7MB/s	  3919.08	 0.13%	 0.54%	
50	 4k	 write	 16	 8	 numactl	-C	0-15	-m	0	18.2k	 74.4MB/s	  7054.24	 0.43%	 2.22%	
51	 4k	 write	 16	 16	 numactl	-C	0-15	-m	0	21.4k	 87.5MB/s	 11959.65	 0.46%	 2.44%	
52	 4k	 write	 16	 32	 numactl	-C	0-15	-m	0	23.0k	 94.3MB/s	 22268.59	 0.51%	 2.41%	
53	 4k	 write	 16	 64	 numactl	-C	0-15	-m	0	24.7k	 101MB/s	 41404.37	 0.53%	 2.15%	
54	 4k	 write	 16	 128	 numactl	-C	0-15	-m	0	31.4k	 129MB/s	 65134.28	 0.60%	 1.59%	
55	 4k	 write	 16	 256	 numactl	-C	0-15	-m	0	32.8k	 135MB/s	   125.05	 0.66%	 1.69%	
56	 4k	 write	 32	 1	 numactl	-C	0-31	-m	0	3852	 15.8MB/s	  8301.25	 0.06%	 0.19%	
57	 4k	 write	 32	 8	 numactl	-C	0-31	-m	0	14.3k	 58.7MB/s	 17880.08	 0.16%	 0.68%	
58	 4k	 write	 32	 16	 numactl	-C	0-31	-m	0	18.4k	 75.3MB/s	 27850.56	 0.20%	 0.75%	
59	 4k	 write	 32	 32	 numactl	-C	0-31	-m	0	23.2k	 95.2MB/s	 43932.58	 0.22%	 0.83%	
60	 4k	 write	 32	 64	 numactl	-C	0-31	-m	0	27.9k	 115MB/s	 73341.45	 0.27%	 0.83%	
61	 4k	 write	 32	 128	 numactl	-C	0-31	-m	0	34.9k	 143MB/s	 117792.04	 0.33%	 0.90%	
62	 4k	 write	 32	 256	 numactl	-C	0-31	-m	0	37.5k	 154MB/s	 218714.71	 0.37%	 0.98%	
63	 4k	 write	 64	 1	 numactl	-C	0-63	-m	0	4328	 17.7MB/s	 14750.23	 0.04%	 0.14%	
64	 4k	 write	 64	 8	 numactl	-C	0-63	-m	0	13.2k	 54.1MB/s	 38902.74	 0.08%	 0.28%	
65	 4k	 write	 64	 16	 numactl	-C	0-63	-m	0	17.0k	 69.7MB/s	 60545.78	 0.10%	 0.32%	
66	 4k	 write	 64	 32	 numactl	-C	0-63	-m	0	23.2k	 95.2MB/s	 88226.39	 0.12%	 0.38%	
67	 4k	 write	 64	 64	 numactl	-C	0-63	-m	0	27.5k	 113MB/s	 149688.18	 0.14%	 0.40%	
68	 4k	 write	 64	 128	 numactl	-C	0-63	-m	0	37.6k	 154MB/s	 217969.84	 0.18%	 0.51%	
69	 4k	 write	 64	 256	 numactl	-C	0-63	-m	0	29.9k	 124MB/s	   545.12	 0.17%	 0.56%	
70	 4k	 randread	 1	 1	 numactl	-C	0-0	-m	0	82	 339kB/s	 12094.67	 0.02%	 0.21%	
71	 4k	 randread	 1	 8	 numactl	-C	0-0	-m	0	140	 578kB/s	 56734.68	 0.05%	 0.33%	
72	 4k	 randread	 1	 16	 numactl	-C	0-0	-m	0	164	 674kB/s	    97.35	 0.06%	 0.38%	
73	 4k	 randread	 1	 32	 numactl	-C	0-0	-m	0	194	 800kB/s	   164.12	 0.10%	 0.35%	
74	 4k	 randread	 1	 64	 numactl	-C	0-0	-m	0	204	 840kB/s	   313.70	 0.08%	 0.38%	
75	 4k	 randread	 1	 128	 numactl	-C	0-0	-m	0	226	 935kB/s	   564.72	 0.13%	 0.39%	
76	 4k	 randread	 1	 256	 numactl	-C	0-0	-m	0	227	 949kB/s	  1119.26	 0.10%	 0.21%	
77	 4k	 randread	 8	 1	 numactl	-C	0-7	-m	0	140	 576kB/s	    56.83	 0.01%	 0.03%	
78	 4k	 randread	 8	 8	 numactl	-C	0-7	-m	0	137	 566kB/s	   464.47	 0.01%	 0.02%	
79	 4k	 randread	 8	 16	 numactl	-C	0-7	-m	0	143	 596kB/s	   887.24	 0.01%	 0.03%	
80	 4k	 randread	 8	 32	 numactl	-C	0-7	-m	0	151	 639kB/s	  1665.99	 0.00%	 0.02%	
81	 4k	 randread	 8	 64	 numactl	-C	0-7	-m	0	154	 668kB/s	  3229.57	 0.01%	 0.02%	
82	 4k	 randread	 8	 128	 numactl	-C	0-7	-m	0	153	 687kB/s	  6320.29	 0.00%	 0.02%	
83	 4k	 randread	 8	 256	 numactl	-C	0-7	-m	0	154	 694kB/s	 12037.17	 0.01%	 0.02%	
84	 4k	 randread	 16	 1	 numactl	-C	0-15	-m	0	166	 683kB/s	    95.81	 0.00%	 0.02%	
85	 4k	 randread	 16	 8	 numactl	-C	0-15	-m	0	143	 594kB/s	   886.65	 0.00%	 0.01%	
86	 4k	 randread	 16	 16	 numactl	-C	0-15	-m	0	151	 639kB/s	  1663.50	 0.00%	 0.01%	
87	 4k	 randread	 16	 32	 numactl	-C	0-15	-m	0	160	 692kB/s	  3153.16	 0.00%	 0.01%	
88	 4k	 randread	 16	 64	 numactl	-C	0-15	-m	0	155	 691kB/s	  6300.01	 0.00%	 0.01%	
89	 4k	 randread	 16	 128	 numactl	-C	0-15	-m	0	159	 712kB/s	 11704.14	 0.00%	 0.01%	
90	 4k	 randread	 16	 256	 numactl	-C	0-15	-m	0	155	 698kB/s	 21274.75	 0.00%	 0.01%	
91	 4k	 randread	 32	 1	 numactl	-C	0-31	-m	0	194	 799kB/s	   163.63	 0.00%	 0.01%	
92	 4k	 randread	 32	 8	 numactl	-C	0-31	-m	0	158	 666kB/s	  1584.55	 0.00%	 0.00%	
93	 4k	 randread	 32	 16	 numactl	-C	0-31	-m	0	153	 661kB/s	  3276.54	 0.00%	 0.00%	
94	 4k	 randread	 32	 32	 numactl	-C	0-31	-m	0	154	 683kB/s	  6346.81	 0.00%	 0.00%	
95	 4k	 randread	 32	 64	 numactl	-C	0-31	-m	0	168	 745kB/s	 11298.33	 0.00%	 0.00%	
96	 4k	 randread	 32	 128	 numactl	-C	0-31	-m	0	157	 701kB/s	 21314.73	 0.00%	 0.00%	
97	 4k	 randread	 32	 256	 numactl	-C	0-31	-m	0	157	 701kB/s	 33068.46	 0.00%	 0.00%	
98	 4k	 randread	 64	 1	 numactl	-C	0-63	-m	0	312	 1282kB/s	   202.98	 0.00%	 0.01%	
99	 4k	 randread	 64	 8	 numactl	-C	0-63	-m	0	160	 688kB/s	  3097.22	 0.00%	 0.00%	
100	 4k	 randread	 64	 16	 numactl	-C	0-63	-m	0	153	 677kB/s	  6248.30	 0.00%	 0.00%	
101	 4k	 randread	 64	 32	 numactl	-C	0-63	-m	0	168	 742kB/s	 11665.01	 0.00%	 0.00%	
102	 4k	 randread	 64	 64	 numactl	-C	0-63	-m	0	168	 747kB/s	 20941.25	 0.00%	 0.00%	
103	 4k	 randread	 64	 128	 numactl	-C	0-63	-m	0	168	 744kB/s	 33330.42	 0.00%	 0.00%	
104	 4k	 randread	 64	 256	 numactl	-C	0-63	-m	0	168	 750kB/s	 37449.28	 0.00%	 0.00%	
105	 4k	 randwrite	 1	 1	 numactl	-C	0-0	-m	0	333	 1367kB/s	  2992.54	 0.10%	 0.72%	
106	 4k	 randwrite	 1	 8	 numactl	-C	0-0	-m	0	334	 1370kB/s	 23909.79	 0.19%	 0.72%	
107	 4k	 randwrite	 1	 16	 numactl	-C	0-0	-m	0	332	 1361kB/s	    48.15	 0.16%	 0.76%	
108	 4k	 randwrite	 1	 32	 numactl	-C	0-0	-m	0	329	 1351kB/s	    97.16	 0.14%	 0.67%	
109	 4k	 randwrite	 1	 64	 numactl	-C	0-0	-m	0	327	 1347kB/s	   194.99	 0.14%	 0.66%	
110	 4k	 randwrite	 1	 128	 numactl	-C	0-0	-m	0	327	 1349kB/s	   390.93	 0.18%	 0.63%	
111	 4k	 randwrite	 1	 256	 numactl	-C	0-0	-m	0	326	 1356kB/s	   780.33	 0.10%	 0.36%	
112	 4k	 randwrite	 8	 1	 numactl	-C	0-7	-m	0	335	 1374kB/s	 23850.03	 0.02%	 0.09%	
113	 4k	 randwrite	 8	 8	 numactl	-C	0-7	-m	0	336	 1382kB/s	   190.43	 0.03%	 0.06%	
114	 4k	 randwrite	 8	 16	 numactl	-C	0-7	-m	0	336	 1387kB/s	   379.36	 0.03%	 0.07%	
115	 4k	 randwrite	 8	 32	 numactl	-C	0-7	-m	0	334	 1389kB/s	   759.34	 0.01%	 0.05%	
116	 4k	 randwrite	 8	 64	 numactl	-C	0-7	-m	0	335	 1408kB/s	  1507.68	 0.02%	 0.04%	
117	 4k	 randwrite	 8	 128	 numactl	-C	0-7	-m	0	335	 1442kB/s	  2983.55	 0.02%	 0.04%	
118	 4k	 randwrite	 8	 256	 numactl	-C	0-7	-m	0	336	 1508kB/s	  5808.75	 0.02%	 0.04%	
119	 4k	 randwrite	 16	 1	 numactl	-C	0-15	-m	0	332	 1360kB/s	    48.19	 0.01%	 0.05%	
120	 4k	 randwrite	 16	 8	 numactl	-C	0-15	-m	0	327	 1348kB/s	   390.19	 0.01%	 0.03%	
121	 4k	 randwrite	 16	 16	 numactl	-C	0-15	-m	0	328	 1361kB/s	   775.37	 0.01%	 0.02%	
122	 4k	 randwrite	 16	 32	 numactl	-C	0-15	-m	0	331	 1394kB/s	  1524.10	 0.01%	 0.02%	
123	 4k	 randwrite	 16	 64	 numactl	-C	0-15	-m	0	333	 1433kB/s	  3006.66	 0.01%	 0.02%	
124	 4k	 randwrite	 16	 128	 numactl	-C	0-15	-m	0	331	 1475kB/s	  5906.10	 0.01%	 0.02%	
125	 4k	 randwrite	 16	 256	 numactl	-C	0-15	-m	0	332	 1499kB/s	 11189.25	 0.00%	 0.02%	
126	 4k	 randwrite	 32	 1	 numactl	-C	0-31	-m	0	306	 1254kB/s	   104.40	 0.01%	 0.01%	
127	 4k	 randwrite	 32	 8	 numactl	-C	0-31	-m	0	331	 1376kB/s	   765.74	 0.00%	 0.01%	
128	 4k	 randwrite	 32	 16	 numactl	-C	0-31	-m	0	333	 1401kB/s	  1515.68	 0.00%	 0.01%	
129	 4k	 randwrite	 32	 32	 numactl	-C	0-31	-m	0	337	 1450kB/s	  2986.30	 0.00%	 0.01%	
130	 4k	 randwrite	 32	 64	 numactl	-C	0-31	-m	0	338	 1505kB/s	  5827.03	 0.00%	 0.01%	
131	 4k	 randwrite	 32	 128	 numactl	-C	0-31	-m	0	336	 1514kB/s	 11089.15	 0.00%	 0.01%	
132	 4k	 randwrite	 32	 256	 numactl	-C	0-31	-m	0	337	 1514kB/s	 19908.31	 0.00%	 0.01%	
133	 4k	 randwrite	 64	 1	 numactl	-C	0-63	-m	0	667	 2733kB/s	 95706.76	 0.01%	 0.02%	
134	 4k	 randwrite	 64	 8	 numactl	-C	0-63	-m	0	334	 1403kB/s	  1510.08	 0.00%	 0.01%	
135	 4k	 randwrite	 64	 16	 numactl	-C	0-63	-m	0	338	 1456kB/s	 2968601.77	 0.00%	 0.01%	
136	 4k	 randwrite	 64	 32	 numactl	-C	0-63	-m	0	337	 1489kB/s	  5711.83	 0.00%	 0.01%	
137	 4k	 randwrite	 64	 64	 numactl	-C	0-63	-m	0	336	 1509kB/s	 11053.46	 0.00%	 0.01%	
138	 4k	 randwrite	 64	 128	 numactl	-C	0-63	-m	0	338	 1521kB/s	 20002.53	 0.00%	 0.01%	
139	 4k	 randwrite	 64	 256	 numactl	-C	0-63	-m	0	337	 1531kB/s	 31877.74	 0.00%	 0.00%	
140	 8k	 read	 1	 1	 numactl	-C	0-0	-m	0	10.4k	 85.2MB/s	    92.65	 4.09%	 20.56%	
141	 8k	 read	 1	 8	 numactl	-C	0-0	-m	0	24.3k	 199MB/s	   326.35	 9.39%	 44.64%	
142	 8k	 read	 1	 16	 numactl	-C	0-0	-m	0	24.4k	 200MB/s	   652.42	 8.93%	 49.78%	
143	 8k	 read	 1	 32	 numactl	-C	0-0	-m	0	24.4k	 200MB/s	  1307.90	 8.38%	 50.78%	
144	 8k	 read	 1	 64	 numactl	-C	0-0	-m	0	24.4k	 200MB/s	  2621.29	 8.33%	 37.51%	
145	 8k	 read	 1	 128	 numactl	-C	0-0	-m	0	24.4k	 200MB/s	  5235.60	 8.13%	 29.16%	
146	 8k	 read	 1	 256	 numactl	-C	0-0	-m	0	24.4k	 200MB/s	 10496.50	 8.10%	 25.27%	
147	 8k	 read	 8	 1	 numactl	-C	0-7	-m	0	7022	 57.5MB/s	  1135.11	 0.32%	 1.84%	
148	 8k	 read	 8	 8	 numactl	-C	0-7	-m	0	19.0k	 164MB/s	  3196.30	 0.97%	 3.72%	
149	 8k	 read	 8	 16	 numactl	-C	0-7	-m	0	21.2k	 174MB/s	  6036.24	 1.02%	 3.36%	
150	 8k	 read	 8	 32	 numactl	-C	0-7	-m	0	21.8k	 179MB/s	 11753.04	 0.90%	 2.97%	
151	 8k	 read	 8	 64	 numactl	-C	0-7	-m	0	22.2k	 182MB/s	 23020.62	 0.88%	 2.67%	
152	 8k	 read	 8	 128	 numactl	-C	0-7	-m	0	22.8k	 187MB/s	 44828.41	 0.88%	 2.67%	
153	 8k	 read	 8	 256	 numactl	-C	0-7	-m	0	24.9k	 204MB/s	 83018.24	 0.88%	 2.65%	
154	 8k	 read	 16	 1	 numactl	-C	0-15	-m	0	7253	 59.4MB/s	  2199.61	 0.17%	 0.95%	
155	 8k	 read	 16	 8	 numactl	-C	0-15	-m	0	18.3k	 150MB/s	  6992.04	 0.44%	 1.58%	
156	 8k	 read	 16	 16	 numactl	-C	0-15	-m	0	21.9k	 180MB/s	 11674.84	 0.50%	 1.56%	
157	 8k	 read	 16	 32	 numactl	-C	0-15	-m	0	21.2k	 174MB/s	 24154.99	 0.42%	 1.37%	
158	 8k	 read	 16	 64	 numactl	-C	0-15	-m	0	26.8k	 219MB/s	 38163.76	 0.50%	 1.53%	
159	 8k	 read	 16	 128	 numactl	-C	0-15	-m	0	31.4k	 258MB/s	 65072.92	 0.57%	 1.67%	
160	 8k	 read	 16	 256	 numactl	-C	0-15	-m	0	26.7k	 219MB/s	   153.03	 0.49%	 1.38%	
161	 8k	 read	 32	 1	 numactl	-C	0-31	-m	0	6660	 54.6MB/s	  4792.75	 0.09%	 0.44%	
162	 8k	 read	 32	 8	 numactl	-C	0-31	-m	0	17.6k	 144MB/s	 14580.58	 0.21%	 0.72%	
163	 8k	 read	 32	 16	 numactl	-C	0-31	-m	0	20.2k	 166MB/s	 25338.28	 0.23%	 0.68%	
164	 8k	 read	 32	 32	 numactl	-C	0-31	-m	0	24.4k	 200MB/s	 41909.02	 0.24%	 0.75%	
165	 8k	 read	 32	 64	 numactl	-C	0-31	-m	0	26.7k	 219MB/s	 76295.59	 0.23%	 0.74%	
166	 8k	 read	 32	 128	 numactl	-C	0-31	-m	0	34.2k	 280MB/s	 119236.26	 0.31%	 0.91%	
167	 8k	 read	 32	 256	 numactl	-C	0-31	-m	0	29.5k	 243MB/s	 275223.15	 0.27%	 0.79%	
168	 8k	 read	 64	 1	 numactl	-C	0-63	-m	0	6600	 54.1MB/s	  9586.78	 0.06%	 0.22%	
169	 8k	 read	 64	 8	 numactl	-C	0-63	-m	0	18.1k	 148MB/s	 28323.18	 0.11%	 0.36%	
170	 8k	 read	 64	 16	 numactl	-C	0-63	-m	0	20.8k	 171MB/s	 49046.83	 0.12%	 0.35%	
171	 8k	 read	 64	 32	 numactl	-C	0-63	-m	0	24.0k	 205MB/s	 81805.94	 0.12%	 0.39%	
172	 8k	 read	 64	 64	 numactl	-C	0-63	-m	0	37.7k	 310MB/s	 108337.82	 0.17%	 0.49%	
173	 8k	 read	 64	 128	 numactl	-C	0-63	-m	0	43.7k	 359MB/s	 186929.86	 0.20%	 0.63%	
174	 8k	 read	 64	 256	 numactl	-C	0-63	-m	0	45.4k	 374MB/s	 357627.91	 0.23%	 0.67%	
175	 8k	 write	 1	 1	 numactl	-C	0-0	-m	0	9992	 81.9MB/s	    96.51	 4.03%	 22.47%	
176	 8k	 write	 1	 8	 numactl	-C	0-0	-m	0	24.4k	 200MB/s	   324.61	 9.02%	 41.90%	
177	 8k	 write	 1	 16	 numactl	-C	0-0	-m	0	24.4k	 199MB/s	   653.43	 9.00%	 42.10%	
178	 8k	 write	 1	 32	 numactl	-C	0-0	-m	0	24.3k	 199MB/s	  1311.90	 9.09%	 36.54%	
179	 8k	 write	 1	 64	 numactl	-C	0-0	-m	0	24.3k	 199MB/s	  2629.62	 9.36%	 28.86%	
180	 8k	 write	 1	 128	 numactl	-C	0-0	-m	0	24.3k	 199MB/s	     5.27	 9.47%	 26.12%	
181	 8k	 write	 1	 256	 numactl	-C	0-0	-m	0	24.3k	 199MB/s	    10.54	 8.98%	 24.47%	
182	 8k	 write	 8	 1	 numactl	-C	0-7	-m	0	6148	 50.4MB/s	  1297.20	 0.34%	 1.61%	
183	 8k	 write	 8	 8	 numactl	-C	0-7	-m	0	17.8k	 146MB/s	  3603.29	 0.78%	 2.85%	
184	 8k	 write	 8	 16	 numactl	-C	0-7	-m	0	17.8k	 146MB/s	  7192.27	 0.78%	 2.77%	
185	 8k	 write	 8	 32	 numactl	-C	0-7	-m	0	17.5k	 143MB/s	 14690.14	 0.83%	 2.34%	
186	 8k	 write	 8	 64	 numactl	-C	0-7	-m	0	17.3k	 142MB/s	 29614.80	 0.73%	 2.11%	
187	 8k	 write	 8	 128	 numactl	-C	0-7	-m	0	15.4k	 127MB/s	 66284.56	 0.64%	 1.64%	
188	 8k	 write	 8	 256	 numactl	-C	0-7	-m	0	22.3k	 183MB/s	 91990.16	 0.92%	 3.12%	
189	 8k	 write	 16	 1	 numactl	-C	0-15	-m	0	4183	 34.3MB/s	  3820.85	 0.12%	 0.57%	
190	 8k	 write	 16	 8	 numactl	-C	0-15	-m	0	12.6k	 103MB/s	 10173.63	 0.28%	 1.03%	
191	 8k	 write	 16	 16	 numactl	-C	0-15	-m	0	13.1k	 107MB/s	 19533.49	 0.29%	 1.54%	
192	 8k	 write	 16	 32	 numactl	-C	0-15	-m	0	14.1k	 116MB/s	 36126.43	 0.31%	 0.92%	
193	 8k	 write	 16	 64	 numactl	-C	0-15	-m	0	14.7k	 120MB/s	 69805.01	 0.27%	 0.82%	
194	 8k	 write	 16	 128	 numactl	-C	0-15	-m	0	15.2k	 125MB/s	 134636.93	 0.32%	 0.80%	
195	 8k	 write	 16	 256	 numactl	-C	0-15	-m	0	16.5k	 136MB/s	   248.22	 0.34%	 1.14%	
196	 8k	 write	 32	 1	 numactl	-C	0-31	-m	0	3859	 31.6MB/s	  8286.55	 0.06%	 0.19%	
197	 8k	 write	 32	 8	 numactl	-C	0-31	-m	0	10.5k	 85.7MB/s	 24461.08	 0.12%	 0.41%	
198	 8k	 write	 32	 16	 numactl	-C	0-31	-m	0	12.6k	 103MB/s	 40542.58	 0.14%	 0.42%	
199	 8k	 write	 32	 32	 numactl	-C	0-31	-m	0	14.7k	 120MB/s	 69794.07	 0.16%	 0.43%	
200	 8k	 write	 32	 64	 numactl	-C	0-31	-m	0	16.7k	 137MB/s	 123290.25	 0.15%	 0.44%	
201	 8k	 write	 32	 128	 numactl	-C	0-31	-m	0	15.9k	 131MB/s	 257623.80	 0.15%	 0.43%	
202	 8k	 write	 32	 256	 numactl	-C	0-31	-m	0	17.5k	 144MB/s	 467814.61	 0.17%	 0.46%	
203	 8k	 write	 64	 1	 numactl	-C	0-63	-m	0	3902	 31.0MB/s	 16301.47	 0.03%	 0.13%	
204	 8k	 write	 64	 8	 numactl	-C	0-63	-m	0	9064	 74.3MB/s	 56334.45	 0.06%	 0.17%	
205	 8k	 write	 64	 16	 numactl	-C	0-63	-m	0	11.7k	 95.9MB/s	 87517.80	 0.06%	 0.19%	
206	 8k	 write	 64	 32	 numactl	-C	0-63	-m	0	14.2k	 117MB/s	 143296.50	 0.08%	 0.21%	
207	 8k	 write	 64	 64	 numactl	-C	0-63	-m	0	20.1k	 165MB/s	 206350.16	 0.11%	 0.27%	
208	 8k	 write	 64	 128	 numactl	-C	0-63	-m	0	18.5k	 153MB/s	 442053.52	 0.10%	 0.27%	
209	 8k	 write	 64	 256	 numactl	-C	0-63	-m	0	15.9k	 133MB/s	  1020.41	 0.10%	 0.23%	
210	 8k	 randread	 1	 1	 numactl	-C	0-0	-m	0	86	 705kB/s	 11619.84	 0.03%	 0.19%	
211	 8k	 randread	 1	 8	 numactl	-C	0-0	-m	0	140	 1148kB/s	    57.11	 0.10%	 0.27%	
212	 8k	 randread	 1	 16	 numactl	-C	0-0	-m	0	164	 1347kB/s	    97.51	 0.07%	 0.37%	
213	 8k	 randread	 1	 32	 numactl	-C	0-0	-m	0	194	 1597kB/s	   164.54	 0.14%	 0.31%	
214	 8k	 randread	 1	 64	 numactl	-C	0-0	-m	0	200	 1653kB/s	   318.25	 0.13%	 0.32%	
215	 8k	 randread	 1	 128	 numactl	-C	0-0	-m	0	223	 1850kB/s	   570.32	 0.12%	 0.40%	
216	 8k	 randread	 1	 256	 numactl	-C	0-0	-m	0	228	 1904kB/s	  1114.96	 0.12%	 0.21%	
217	 8k	 randread	 8	 1	 numactl	-C	0-7	-m	0	140	 1147kB/s	 57075.80	 0.01%	 0.04%	
218	 8k	 randread	 8	 8	 numactl	-C	0-7	-m	0	137	 1138kB/s	   461.53	 0.00%	 0.03%	
219	 8k	 randread	 8	 16	 numactl	-C	0-7	-m	0	142	 1182kB/s	   893.47	 0.01%	 0.02%	
220	 8k	 randread	 8	 32	 numactl	-C	0-7	-m	0	151	 1276kB/s	  1670.92	 0.01%	 0.02%	
221	 8k	 randread	 8	 64	 numactl	-C	0-7	-m	0	155	 1341kB/s	  3241.08	 0.00%	 0.02%	
222	 8k	 randread	 8	 128	 numactl	-C	0-7	-m	0	153	 1376kB/s	  6377.94	 0.01%	 0.02%	
223	 8k	 randread	 8	 256	 numactl	-C	0-7	-m	0	152	 1372kB/s	 12131.16	 0.01%	 0.02%	
224	 8k	 randread	 16	 1	 numactl	-C	0-15	-m	0	164	 1346kB/s	    97.34	 0.00%	 0.02%	
225	 8k	 randread	 16	 8	 numactl	-C	0-15	-m	0	140	 1169kB/s	   901.93	 0.01%	 0.01%	
226	 8k	 randread	 16	 16	 numactl	-C	0-15	-m	0	148	 1252kB/s	  1705.92	 0.00%	 0.01%	
227	 8k	 randread	 16	 32	 numactl	-C	0-15	-m	0	161	 1388kB/s	  3138.32	 0.00%	 0.01%	
228	 8k	 randread	 16	 64	 numactl	-C	0-15	-m	0	153	 1359kB/s	  6358.52	 0.00%	 0.01%	
229	 8k	 randread	 16	 128	 numactl	-C	0-15	-m	0	156	 1398kB/s	 11914.58	 0.00%	 0.01%	
230	 8k	 randread	 16	 256	 numactl	-C	0-15	-m	0	152	 1367kB/s	 21673.06	 0.00%	 0.01%	
231	 8k	 randread	 32	 1	 numactl	-C	0-31	-m	0	194	 1594kB/s	   164.00	 0.00%	 0.01%	
232	 8k	 randread	 32	 8	 numactl	-C	0-31	-m	0	157	 1323kB/s	  1605.04	 0.00%	 0.00%	
233	 8k	 randread	 32	 16	 numactl	-C	0-31	-m	0	152	 1316kB/s	  3253.88	 0.00%	 0.00%	
234	 8k	 randread	 32	 32	 numactl	-C	0-31	-m	0	153	 1368kB/s	  6316.80	 0.00%	 0.00%	
235	 8k	 randread	 32	 64	 numactl	-C	0-31	-m	0	155	 1384kB/s	 12000.20	 0.00%	 0.00%	
236	 8k	 randread	 32	 128	 numactl	-C	0-31	-m	0	158	 1403kB/s	 21376.57	 0.00%	 0.00%	
237	 8k	 randread	 32	 256	 numactl	-C	0-31	-m	0	153	 1377kB/s	 33857.75	 0.00%	 0.01%	
238	 8k	 randread	 64	 1	 numactl	-C	0-63	-m	0	338	 2775kB/s	   187.23	 0.00%	 0.01%	
239	 8k	 randread	 64	 8	 numactl	-C	0-63	-m	0	157	 1356kB/s	  3183.91	 0.00%	 0.00%	
240	 8k	 randread	 64	 16	 numactl	-C	0-63	-m	0	155	 1377kB/s	  6268.00	 0.00%	 0.00%	
241	 8k	 randread	 64	 32	 numactl	-C	0-63	-m	0	167	 1476kB/s	 11652.46	 0.00%	 0.00%	
242	 8k	 randread	 64	 64	 numactl	-C	0-63	-m	0	168	 1488kB/s	 21162.18	 0.00%	 0.00%	
243	 8k	 randread	 64	 128	 numactl	-C	0-63	-m	0	168	 1488kB/s	 33167.96	 0.00%	 0.00%	
244	 8k	 randread	 64	 256	 numactl	-C	0-63	-m	0	167	 1496kB/s	 37655.31	 0.00%	 0.00%	
245	 8k	 randwrite	 1	 1	 numactl	-C	0-0	-m	0	332	 2720kB/s	  3007.80	 0.13%	 0.79%	
246	 8k	 randwrite	 1	 8	 numactl	-C	0-0	-m	0	331	 2720kB/s	 24090.71	 0.18%	 0.74%	
247	 8k	 randwrite	 1	 16	 numactl	-C	0-0	-m	0	329	 2698kB/s	    48.60	 0.13%	 0.78%	
248	 8k	 randwrite	 1	 32	 numactl	-C	0-0	-m	0	325	 2667kB/s	    98.39	 0.20%	 0.60%	
249	 8k	 randwrite	 1	 64	 numactl	-C	0-0	-m	0	325	 2679kB/s	   196.29	 0.16%	 0.63%	
250	 8k	 randwrite	 1	 128	 numactl	-C	0-0	-m	0	324	 2679kB/s	   393.47	 0.24%	 0.56%	
251	 8k	 randwrite	 1	 256	 numactl	-C	0-0	-m	0	326	 2707kB/s	   781.46	 0.14%	 0.34%	
252	 8k	 randwrite	 8	 1	 numactl	-C	0-7	-m	0	322	 2640kB/s	    24.78	 0.01%	 0.10%	
253	 8k	 randwrite	 8	 8	 numactl	-C	0-7	-m	0	333	 2738kB/s	   192.14	 0.03%	 0.06%	
254	 8k	 randwrite	 8	 16	 numactl	-C	0-7	-m	0	332	 2737kB/s	   384.61	 0.03%	 0.07%	
255	 8k	 randwrite	 8	 32	 numactl	-C	0-7	-m	0	332	 2762kB/s	   764.30	 0.02%	 0.05%	
256	 8k	 randwrite	 8	 64	 numactl	-C	0-7	-m	0	330	 2779kB/s	  1528.39	 0.01%	 0.05%	
257	 8k	 randwrite	 8	 128	 numactl	-C	0-7	-m	0	331	 2850kB/s	  3021.45	 0.02%	 0.04%	
258	 8k	 randwrite	 8	 256	 numactl	-C	0-7	-m	0	331	 2981kB/s	  5883.24	 0.01%	 0.05%	
259	 8k	 randwrite	 16	 1	 numactl	-C	0-15	-m	0	329	 2703kB/s	    48.47	 0.01%	 0.04%	
260	 8k	 randwrite	 16	 8	 numactl	-C	0-15	-m	0	328	 2708kB/s	   388.52	 0.01%	 0.03%	
261	 8k	 randwrite	 16	 16	 numactl	-C	0-15	-m	0	329	 2736kB/s	   770.91	 0.01%	 0.02%	
262	 8k	 randwrite	 16	 32	 numactl	-C	0-15	-m	0	330	 2777kB/s	  1526.16	 0.01%	 0.02%	
263	 8k	 randwrite	 16	 64	 numactl	-C	0-15	-m	0	330	 2847kB/s	  3033.59	 0.01%	 0.02%	
264	 8k	 randwrite	 16	 128	 numactl	-C	0-15	-m	0	331	 2968kB/s	  5888.10	 0.01%	 0.02%	
265	 8k	 randwrite	 16	 256	 numactl	-C	0-15	-m	0	331	 2984kB/s	 11246.50	 0.01%	 0.02%	
266	 8k	 randwrite	 32	 1	 numactl	-C	0-31	-m	0	330	 2704kB/s	    96.89	 0.00%	 0.02%	
267	 8k	 randwrite	 32	 8	 numactl	-C	0-31	-m	0	329	 2731kB/s	   770.20	 0.00%	 0.01%	
268	 8k	 randwrite	 32	 16	 numactl	-C	0-31	-m	0	330	 2779kB/s	  1524.85	 0.01%	 0.01%	
269	 8k	 randwrite	 32	 32	 numactl	-C	0-31	-m	0	338	 2906kB/s	  2987.39	 0.00%	 0.01%	
270	 8k	 randwrite	 32	 64	 numactl	-C	0-31	-m	0	338	 3001kB/s	  5866.00	 0.01%	 0.01%	
271	 8k	 randwrite	 32	 128	 numactl	-C	0-31	-m	0	337	 3033kB/s	 11154.42	 0.00%	 0.01%	
272	 8k	 randwrite	 32	 256	 numactl	-C	0-31	-m	0	337	 3042kB/s	 20106.89	 0.01%	 0.01%	
273	 8k	 randwrite	 64	 1	 numactl	-C	0-63	-m	0	659	 5402kB/s	    96.83	 0.01%	 0.02%	
274	 8k	 randwrite	 64	 8	 numactl	-C	0-63	-m	0	328	 2761kB/s	  1522.85	 0.00%	 0.01%	
275	 8k	 randwrite	 64	 16	 numactl	-C	0-63	-m	0	336	 2893kB/s	  3000.77	 0.00%	 0.01%	
276	 8k	 randwrite	 64	 32	 numactl	-C	0-63	-m	0	345	 3081kB/s	  5774.16	 0.00%	 0.01%	
277	 8k	 randwrite	 64	 64	 numactl	-C	0-63	-m	0	336	 2995kB/s	 11286.43	 0.00%	 0.01%	
278	 8k	 randwrite	 64	 128	 numactl	-C	0-63	-m	0	338	 3060kB/s	 20046.52	 0.00%	 0.00%	
279	 8k	 randwrite	 64	 256	 numactl	-C	0-63	-m	0	337	 3009kB/s	 31648.14	 0.00%	 0.00%	
280	 1m	 read	 1	 1	 numactl	-C	0-0	-m	0	190	 200MB/s	  5245.80	 0.12%	 1.15%	
281	 1m	 read	 1	 8	 numactl	-C	0-0	-m	0	190	 200MB/s	 41920.11	 0.09%	 1.33%	
282	 1m	 read	 1	 16	 numactl	-C	0-0	-m	0	190	 200MB/s	    83.86	 0.09%	 1.23%	
283	 1m	 read	 1	 32	 numactl	-C	0-0	-m	0	190	 200MB/s	   167.91	 0.08%	 1.21%	
284	 1m	 read	 1	 64	 numactl	-C	0-0	-m	0	189	 200MB/s	   336.20	 0.11%	 1.19%	
285	 1m	 read	 1	 128	 numactl	-C	0-0	-m	0	188	 200MB/s	   674.88	 0.06%	 1.25%	
286	 1m	 read	 1	 256	 numactl	-C	0-0	-m	0	188	 202MB/s	  1346.20	 0.06%	 1.00%	
287	 1m	 read	 8	 1	 numactl	-C	0-7	-m	0	172	 181MB/s	    46.31	 0.01%	 0.13%	
288	 1m	 read	 8	 8	 numactl	-C	0-7	-m	0	187	 198MB/s	   340.39	 0.01%	 0.13%	
289	 1m	 read	 8	 16	 numactl	-C	0-7	-m	0	196	 208MB/s	   649.23	 0.01%	 0.14%	
290	 1m	 read	 8	 32	 numactl	-C	0-7	-m	0	401	 425MB/s	   636.43	 0.02%	 0.26%	
291	 1m	 read	 8	 64	 numactl	-C	0-7	-m	0	364	 390MB/s	  1392.96	 0.02%	 0.25%	
292	 1m	 read	 8	 128	 numactl	-C	0-7	-m	0	372	 408MB/s	  2700.92	 0.01%	 0.26%	
293	 1m	 read	 8	 256	 numactl	-C	0-7	-m	0	363	 406MB/s	  5429.83	 0.01%	 0.29%	
294	 1m	 read	 16	 1	 numactl	-C	0-15	-m	0	216	 227MB/s	    73.77	 0.00%	 0.08%	
295	 1m	 read	 16	 8	 numactl	-C	0-15	-m	0	205	 217MB/s	   619.91	 0.01%	 0.07%	
296	 1m	 read	 16	 16	 numactl	-C	0-15	-m	0	397	 422MB/s	   640.57	 0.01%	 0.13%	
297	 1m	 read	 16	 32	 numactl	-C	0-15	-m	0	414	 444MB/s	  1223.13	 0.01%	 0.15%	
298	 1m	 read	 16	 64	 numactl	-C	0-15	-m	0	405	 442MB/s	  2490.78	 0.01%	 0.14%	
299	 1m	 read	 16	 128	 numactl	-C	0-15	-m	0	414	 470MB/s	  4773.95	 0.01%	 0.14%	
300	 1m	 read	 16	 256	 numactl	-C	0-15	-m	0	415	 474MB/s	  9126.59	 0.01%	 0.21%	
301	 1m	 read	 32	 1	 numactl	-C	0-31	-m	0	267	 280MB/s	   119.55	 0.00%	 0.05%	
302	 1m	 read	 32	 8	 numactl	-C	0-31	-m	0	290	 309MB/s	   870.86	 0.00%	 0.05%	
303	 1m	 read	 32	 16	 numactl	-C	0-31	-m	0	450	 481MB/s	  1128.20	 0.01%	 0.09%	
304	 1m	 read	 32	 32	 numactl	-C	0-31	-m	0	403	 440MB/s	  2538.65	 0.00%	 0.07%	
305	 1m	 read	 32	 64	 numactl	-C	0-31	-m	0	415	 464MB/s	  4795.45	 0.01%	 0.08%	
306	 1m	 read	 32	 128	 numactl	-C	0-31	-m	0	422	 469MB/s	  8923.50	 0.00%	 0.14%	
307	 1m	 read	 32	 256	 numactl	-C	0-31	-m	0	421	 467MB/s	 16512.61	 0.00%	 0.24%	
308	 1m	 read	 64	 1	 numactl	-C	0-63	-m	0	285	 300MB/s	   220.02	 0.00%	 0.03%	
309	 1m	 read	 64	 8	 numactl	-C	0-63	-m	0	350	 376MB/s	  1441.59	 0.00%	 0.07%	
310	 1m	 read	 64	 16	 numactl	-C	0-63	-m	0	459	 499MB/s	  2207.46	 0.00%	 0.05%	
311	 1m	 read	 64	 32	 numactl	-C	0-63	-m	0	418	 460MB/s	  4880.92	 0.00%	 0.05%	
312	 1m	 read	 64	 64	 numactl	-C	0-63	-m	0	425	 471MB/s	  8982.66	 0.00%	 0.07%	
313	 1m	 read	 64	 128	 numactl	-C	0-63	-m	0	377	 420MB/s	 17474.18	 0.00%	 0.11%	
314	 1m	 read	 64	 256	 numactl	-C	0-63	-m	0	392	 436MB/s	 28507.68	 0.00%	 0.21%	
315	 1m	 write	 1	 1	 numactl	-C	0-0	-m	0	190	 199MB/s	     5.26	 0.55%	 0.90%	
316	 1m	 write	 1	 8	 numactl	-C	0-0	-m	0	189	 199MB/s	    42.09	 0.64%	 0.99%	
317	 1m	 write	 1	 16	 numactl	-C	0-0	-m	0	188	 198MB/s	    84.88	 0.70%	 1.06%	
318	 1m	 write	 1	 32	 numactl	-C	0-0	-m	0	189	 199MB/s	   169.03	 0.91%	 0.95%	
319	 1m	 write	 1	 64	 numactl	-C	0-0	-m	0	187	 197MB/s	   341.13	 1.31%	 0.76%	
320	 1m	 write	 1	 128	 numactl	-C	0-0	-m	0	187	 198MB/s	   679.81	 1.12%	 0.69%	
321	 1m	 write	 1	 256	 numactl	-C	0-0	-m	0	187	 201MB/s	  1354.20	 1.47%	 0.83%	
322	 1m	 write	 8	 1	 numactl	-C	0-7	-m	0	131	 138MB/s	    60.80	 0.04%	 0.09%	
323	 1m	 write	 8	 8	 numactl	-C	0-7	-m	0	165	 175MB/s	   384.36	 0.07%	 0.10%	
324	 1m	 write	 8	 16	 numactl	-C	0-7	-m	0	167	 178MB/s	   757.88	 0.10%	 0.09%	
325	 1m	 write	 8	 32	 numactl	-C	0-7	-m	0	161	 174MB/s	  1561.13	 0.14%	 0.11%	
326	 1m	 write	 8	 64	 numactl	-C	0-7	-m	0	176	 194MB/s	  2853.17	 0.18%	 0.10%	
327	 1m	 write	 8	 128	 numactl	-C	0-7	-m	0	171	 196MB/s	  5746.48	 0.15%	 0.11%	
328	 1m	 write	 8	 256	 numactl	-C	0-7	-m	0	160	 184MB/s	 11551.48	 0.15%	 0.09%	
329	 1m	 write	 16	 1	 numactl	-C	0-15	-m	0	136	 143MB/s	   116.79	 0.02%	 0.04%	
330	 1m	 write	 16	 8	 numactl	-C	0-15	-m	0	142	 151MB/s	   905.11	 0.05%	 0.03%	
331	 1m	 write	 16	 16	 numactl	-C	0-15	-m	0	187	 201MB/s	  1343.09	 0.09%	 0.06%	
332	 1m	 write	 16	 32	 numactl	-C	0-15	-m	0	188	 206MB/s	  2688.62	 0.09%	 0.06%	
333	 1m	 write	 16	 64	 numactl	-C	0-15	-m	0	169	 191MB/s	  5828.74	 0.08%	 0.05%	
334	 1m	 write	 16	 128	 numactl	-C	0-15	-m	0	176	 198MB/s	 10693.70	 0.09%	 0.05%	
335	 1m	 write	 16	 256	 numactl	-C	0-15	-m	0	159	 183MB/s	 21079.15	 0.07%	 0.05%	
336	 1m	 write	 32	 1	 numactl	-C	0-31	-m	0	144	 151MB/s	   221.24	 0.01%	 0.02%	
337	 1m	 write	 32	 8	 numactl	-C	0-31	-m	0	153	 165MB/s	  1645.40	 0.03%	 0.02%	
338	 1m	 write	 32	 16	 numactl	-C	0-31	-m	0	195	 213MB/s	  2584.28	 0.06%	 0.03%	
339	 1m	 write	 32	 32	 numactl	-C	0-31	-m	0	158	 180MB/s	  6165.77	 0.04%	 0.03%	
340	 1m	 write	 32	 64	 numactl	-C	0-31	-m	0	171	 195MB/s	 10995.62	 0.05%	 0.03%	
341	 1m	 write	 32	 128	 numactl	-C	0-31	-m	0	185	 210MB/s	 18551.87	 0.05%	 0.03%	
342	 1m	 write	 32	 256	 numactl	-C	0-31	-m	0	167	 191MB/s	 31537.63	 0.04%	 0.02%	
343	 1m	 write	 64	 1	 numactl	-C	0-63	-m	0	156	 164MB/s	   407.31	 0.02%	 0.01%	
344	 1m	 write	 64	 8	 numactl	-C	0-63	-m	0	170	 187MB/s	  2917.96	 0.02%	 0.02%	
345	 1m	 write	 64	 16	 numactl	-C	0-63	-m	0	144	 161MB/s	  6653.19	 0.02%	 0.01%	
346	 1m	 write	 64	 32	 numactl	-C	0-63	-m	0	137	 155MB/s	 13110.29	 0.04%	 0.03%	
347	 1m	 write	 64	 64	 numactl	-C	0-63	-m	0	131	 150MB/s	 23665.11	 0.02%	 0.01%	
348	 1m	 write	 64	 128	 numactl	-C	0-63	-m	0	129	 148MB/s	 37067.17	 0.02%	 0.01%	
349	 1m	 write	 64	 256	 numactl	-C	0-63	-m	0	134	 155MB/s	 37740.10	 0.02%	 0.01%	
350	 1m	 randread	 1	 1	 numactl	-C	0-0	-m	0	50	 53.3MB/s	 19666.50	 0.04%	 0.28%	
351	 1m	 randread	 1	 8	 numactl	-C	0-0	-m	0	72	 76.2MB/s	   110.26	 0.08%	 0.42%	
352	 1m	 randread	 1	 16	 numactl	-C	0-0	-m	0	79	 83.5MB/s	   201.57	 0.04%	 0.48%	
353	 1m	 randread	 1	 32	 numactl	-C	0-0	-m	0	85	 90.0MB/s	   374.45	 0.01%	 0.53%	
354	 1m	 randread	 1	 64	 numactl	-C	0-0	-m	0	86	 91.8MB/s	   736.77	 0.03%	 0.47%	
355	 1m	 randread	 1	 128	 numactl	-C	0-0	-m	0	89	 95.5MB/s	  1430.70	 0.03%	 0.55%	
356	 1m	 randread	 1	 256	 numactl	-C	0-0	-m	0	88	 97.1MB/s	  2845.20	 0.05%	 0.46%	
357	 1m	 randread	 8	 1	 numactl	-C	0-7	-m	0	73	 76.8MB/s	   109.16	 0.01%	 0.06%	
358	 1m	 randread	 8	 8	 numactl	-C	0-7	-m	0	72	 77.2MB/s	   874.83	 0.00%	 0.04%	
359	 1m	 randread	 8	 16	 numactl	-C	0-7	-m	0	73	 79.4MB/s	  1720.57	 0.00%	 0.05%	
360	 1m	 randread	 8	 32	 numactl	-C	0-7	-m	0	75	 83.5MB/s	  3313.97	 0.00%	 0.05%	
361	 1m	 randread	 8	 64	 numactl	-C	0-7	-m	0	76	 87.6MB/s	  6451.84	 0.00%	 0.06%	
362	 1m	 randread	 8	 128	 numactl	-C	0-7	-m	0	75	 88.0MB/s	 12289.67	 0.00%	 0.09%	
363	 1m	 randread	 8	 256	 numactl	-C	0-7	-m	0	75	 88.1MB/s	 21930.22	 0.00%	 0.17%	
364	 1m	 randread	 16	 1	 numactl	-C	0-15	-m	0	80	 83.9MB/s	   199.59	 0.00%	 0.03%	
365	 1m	 randread	 16	 8	 numactl	-C	0-15	-m	0	74	 79.9MB/s	  1691.08	 0.00%	 0.02%	
366	 1m	 randread	 16	 16	 numactl	-C	0-15	-m	0	75	 83.4MB/s	  3307.87	 0.00%	 0.03%	
367	 1m	 randread	 16	 32	 numactl	-C	0-15	-m	0	78	 89.8MB/s	  6357.39	 0.00%	 0.03%	
368	 1m	 randread	 16	 64	 numactl	-C	0-15	-m	0	75	 87.9MB/s	 12232.98	 0.00%	 0.05%	
369	 1m	 randread	 16	 128	 numactl	-C	0-15	-m	0	76	 89.1MB/s	 22044.33	 0.00%	 0.08%	
370	 1m	 randread	 16	 256	 numactl	-C	0-15	-m	0	77	 89.2MB/s	 34226.26	 0.00%	 0.16%	
371	 1m	 randread	 32	 1	 numactl	-C	0-31	-m	0	86	 90.7MB/s	   368.33	 0.00%	 0.01%	
372	 1m	 randread	 32	 8	 numactl	-C	0-31	-m	0	79	 87.0MB/s	  3160.00	 0.00%	 0.02%	
373	 1m	 randread	 32	 16	 numactl	-C	0-31	-m	0	77	 88.3MB/s	  6313.91	 0.00%	 0.02%	
374	 1m	 randread	 32	 32	 numactl	-C	0-31	-m	0	82	 94.4MB/s	 11766.38	 0.00%	 0.03%	
375	 1m	 randread	 32	 64	 numactl	-C	0-31	-m	0	83	 96.3MB/s	 21210.39	 0.00%	 0.04%	
376	 1m	 randread	 32	 128	 numactl	-C	0-31	-m	0	83	 96.4MB/s	 33853.75	 0.00%	 0.09%	
377	 1m	 randread	 32	 256	 numactl	-C	0-31	-m	0	83	 96.2MB/s	 37977.11	 0.00%	 0.12%	
378	 1m	 randread	 64	 1	 numactl	-C	0-63	-m	0	89	 93.6MB/s	   697.71	 0.00%	 0.01%	
379	 1m	 randread	 64	 8	 numactl	-C	0-63	-m	0	80	 91.0MB/s	  6137.70	 0.00%	 0.01%	
380	 1m	 randread	 64	 16	 numactl	-C	0-63	-m	0	82	 94.1MB/s	 11850.26	 0.00%	 0.02%	
381	 1m	 randread	 64	 32	 numactl	-C	0-63	-m	0	82	 94.0MB/s	 21494.03	 0.00%	 0.02%	
382	 1m	 randread	 64	 64	 numactl	-C	0-63	-m	0	82	 93.6MB/s	 35935.11	 0.00%	 0.05%	
383	 1m	 randread	 64	 128	 numactl	-C	0-63	-m	0	80	 91.3MB/s	 44601.65	 0.00%	 0.07%	
384	 1m	 randread	 64	 256	 numactl	-C	0-63	-m	0	80	 92.3MB/s	 43498.81	 0.00%	 0.06%	
385	 1m	 randwrite	 1	 1	 numactl	-C	0-0	-m	0	79	 83.7MB/s	 12524.93	 0.19%	 0.49%	
386	 1m	 randwrite	 1	 8	 numactl	-C	0-0	-m	0	79	 83.6MB/s	   100.41	 0.27%	 0.40%	
387	 1m	 randwrite	 1	 16	 numactl	-C	0-0	-m	0	79	 83.3MB/s	   201.67	 0.27%	 0.44%	
388	 1m	 randwrite	 1	 32	 numactl	-C	0-0	-m	0	79	 83.6MB/s	   402.45	 0.33%	 0.37%	
389	 1m	 randwrite	 1	 64	 numactl	-C	0-0	-m	0	81	 86.1MB/s	   785.19	 0.36%	 0.30%	
390	 1m	 randwrite	 1	 128	 numactl	-C	0-0	-m	0	82	 88.9MB/s	  1535.25	 0.34%	 0.42%	
391	 1m	 randwrite	 1	 256	 numactl	-C	0-0	-m	0	83	 91.8MB/s	  3006.80	 0.70%	 0.36%	
392	 1m	 randwrite	 8	 1	 numactl	-C	0-7	-m	0	79	 83.1MB/s	   100.97	 0.02%	 0.06%	
393	 1m	 randwrite	 8	 8	 numactl	-C	0-7	-m	0	79	 84.2MB/s	   800.39	 0.04%	 0.03%	
394	 1m	 randwrite	 8	 16	 numactl	-C	0-7	-m	0	79	 85.1MB/s	  1597.54	 0.04%	 0.04%	
395	 1m	 randwrite	 8	 32	 numactl	-C	0-7	-m	0	80	 88.3MB/s	  3128.95	 0.08%	 0.05%	
396	 1m	 randwrite	 8	 64	 numactl	-C	0-7	-m	0	80	 91.7MB/s	  6118.71	 0.07%	 0.05%	
397	 1m	 randwrite	 8	 128	 numactl	-C	0-7	-m	0	81	 95.7MB/s	 11520.38	 0.07%	 0.06%	
398	 1m	 randwrite	 8	 256	 numactl	-C	0-7	-m	0	80	 94.2MB/s	 21117.24	 0.09%	 0.03%	
399	 1m	 randwrite	 16	 1	 numactl	-C	0-15	-m	0	79	 83.7MB/s	   200.38	 0.02%	 0.03%	
400	 1m	 randwrite	 16	 8	 numactl	-C	0-15	-m	0	78	 84.2MB/s	  1612.52	 0.02%	 0.02%	
401	 1m	 randwrite	 16	 16	 numactl	-C	0-15	-m	0	78	 86.8MB/s	  3160.83	 0.04%	 0.02%	
402	 1m	 randwrite	 16	 32	 numactl	-C	0-15	-m	0	81	 92.5MB/s	  6066.91	 0.04%	 0.02%	
403	 1m	 randwrite	 16	 64	 numactl	-C	0-15	-m	0	83	 97.5MB/s	 11470.40	 0.04%	 0.02%	
404	 1m	 randwrite	 16	 128	 numactl	-C	0-15	-m	0	83	 97.4MB/s	 20805.94	 0.04%	 0.02%	
405	 1m	 randwrite	 16	 256	 numactl	-C	0-15	-m	0	80	 94.2MB/s	 33701.44	 0.05%	 0.02%	
406	 1m	 randwrite	 32	 1	 numactl	-C	0-31	-m	0	81	 85.5MB/s	   390.48	 0.01%	 0.01%	
407	 1m	 randwrite	 32	 8	 numactl	-C	0-31	-m	0	78	 86.6MB/s	  3169.03	 0.02%	 0.01%	
408	 1m	 randwrite	 32	 16	 numactl	-C	0-31	-m	0	80	 92.3MB/s	  6091.39	 0.02%	 0.01%	
409	 1m	 randwrite	 32	 32	 numactl	-C	0-31	-m	0	90	 103MB/s	 11024.49	 0.02%	 0.01%	
410	 1m	 randwrite	 32	 64	 numactl	-C	0-31	-m	0	83	 96.8MB/s	 20687.25	 0.02%	 0.01%	
411	 1m	 randwrite	 32	 128	 numactl	-C	0-31	-m	0	83	 96.3MB/s	 33599.10	 0.02%	 0.01%	
412	 1m	 randwrite	 32	 256	 numactl	-C	0-31	-m	0	83	 96.8MB/s	 39070.30	 0.02%	 0.01%	
413	 1m	 randwrite	 64	 1	 numactl	-C	0-63	-m	0	80	 84.2MB/s	   787.93	 0.01%	 0.01%	
414	 1m	 randwrite	 64	 8	 numactl	-C	0-63	-m	0	78	 90.5MB/s	  6173.81	 0.02%	 0.02%	
415	 1m	 randwrite	 64	 16	 numactl	-C	0-63	-m	0	83	 95.2MB/s	 11254.40	 0.02%	 0.01%	
416	 1m	 randwrite	 64	 32	 numactl	-C	0-63	-m	0	89	 101MB/s	 20432.99	 0.01%	 0.01%	
417	 1m	 randwrite	 64	 64	 numactl	-C	0-63	-m	0	89	 103MB/s	 33870.20	 0.01%	 0.01%	
418	 1m	 randwrite	 64	 128	 numactl	-C	0-63	-m	0	90	 103MB/s	 42599.75	 0.01%	 0.01%	
419	 1m	 randwrite	 64	 256	 numactl	-C	0-63	-m	0	90	 104MB/s	 42934.65	 0.01%	 0.01%	
420	 4m	 read	 1	 1	 numactl	-C	0-0	-m	0	47	 200MB/s	 20953.93	 0.01%	 0.86%	
421	 4m	 read	 1	 8	 numactl	-C	0-0	-m	0	47	 200MB/s	   167.83	 0.09%	 0.81%	
422	 4m	 read	 1	 16	 numactl	-C	0-0	-m	0	47	 200MB/s	   336.04	 0.03%	 0.76%	
423	 4m	 read	 1	 32	 numactl	-C	0-0	-m	0	47	 200MB/s	   674.71	 0.04%	 0.69%	
424	 4m	 read	 1	 64	 numactl	-C	0-0	-m	0	47	 202MB/s	  1343.36	 0.02%	 0.88%	
425	 4m	 read	 1	 128	 numactl	-C	0-0	-m	0	47	 207MB/s	  2656.89	 0.01%	 0.94%	
426	 4m	 read	 1	 256	 numactl	-C	0-0	-m	0	47	 215MB/s	  5203.18	 0.05%	 0.90%	
427	 4m	 read	 8	 1	 numactl	-C	0-7	-m	0	44	 187MB/s	   178.67	 0.00%	 0.10%	
428	 4m	 read	 8	 8	 numactl	-C	0-7	-m	0	106	 452MB/s	   596.41	 0.00%	 0.26%	
429	 4m	 read	 8	 16	 numactl	-C	0-7	-m	0	79	 342MB/s	  1593.90	 0.00%	 0.20%	
430	 4m	 read	 8	 32	 numactl	-C	0-7	-m	0	92	 407MB/s	  2717.94	 0.00%	 0.23%	
431	 4m	 read	 8	 64	 numactl	-C	0-7	-m	0	79	 358MB/s	  6158.62	 0.00%	 0.24%	
432	 4m	 read	 8	 128	 numactl	-C	0-7	-m	0	90	 404MB/s	 10369.97	 0.00%	 0.41%	
433	 4m	 read	 8	 256	 numactl	-C	0-7	-m	0	90	 416MB/s	 18774.90	 0.01%	 0.68%	
434	 4m	 read	 16	 1	 numactl	-C	0-15	-m	0	43	 185MB/s	   361.84	 0.00%	 0.05%	
435	 4m	 read	 16	 8	 numactl	-C	0-15	-m	0	87	 376MB/s	  1449.69	 0.00%	 0.11%	
436	 4m	 read	 16	 16	 numactl	-C	0-15	-m	0	96	 420MB/s	  2609.68	 0.00%	 0.12%	
437	 4m	 read	 16	 32	 numactl	-C	0-15	-m	0	92	 416MB/s	  5293.75	 0.00%	 0.13%	
438	 4m	 read	 16	 64	 numactl	-C	0-15	-m	0	101	 452MB/s	  9323.24	 0.00%	 0.22%	
439	 4m	 read	 16	 128	 numactl	-C	0-15	-m	0	97	 435MB/s	 17434.81	 0.00%	 0.38%	
440	 4m	 read	 16	 256	 numactl	-C	0-15	-m	0	90	 408MB/s	 29857.85	 0.00%	 0.69%	
441	 4m	 read	 32	 1	 numactl	-C	0-31	-m	0	52	 219MB/s	   604.48	 0.00%	 0.03%	
442	 4m	 read	 32	 8	 numactl	-C	0-31	-m	0	91	 402MB/s	  2740.33	 0.00%	 0.07%	
443	 4m	 read	 32	 16	 numactl	-C	0-31	-m	0	105	 471MB/s	  4684.74	 0.00%	 0.07%	
444	 4m	 read	 32	 32	 numactl	-C	0-31	-m	0	101	 451MB/s	  9301.63	 0.00%	 0.13%	
445	 4m	 read	 32	 64	 numactl	-C	0-31	-m	0	104	 466MB/s	 16588.00	 0.00%	 0.19%	
446	 4m	 read	 32	 128	 numactl	-C	0-31	-m	0	104	 464MB/s	 27084.43	 0.00%	 0.35%	
447	 4m	 read	 32	 256	 numactl	-C	0-31	-m	0	101	 451MB/s	 33942.34	 0.00%	 0.84%	
448	 4m	 read	 64	 1	 numactl	-C	0-63	-m	0	70	 297MB/s	   898.99	 0.00%	 0.03%	
449	 4m	 read	 64	 8	 numactl	-C	0-63	-m	0	97	 433MB/s	  5073.97	 0.00%	 0.10%	
450	 4m	 read	 64	 16	 numactl	-C	0-63	-m	0	98	 438MB/s	  9649.12	 0.00%	 0.07%	
451	 4m	 read	 64	 32	 numactl	-C	0-63	-m	0	93	 415MB/s	 17782.02	 0.00%	 0.09%	
452	 4m	 read	 64	 64	 numactl	-C	0-63	-m	0	104	 464MB/s	 27295.89	 0.00%	 0.17%	
453	 4m	 read	 64	 128	 numactl	-C	0-63	-m	0	104	 467MB/s	 33462.18	 0.00%	 0.31%	
454	 4m	 read	 64	 256	 numactl	-C	0-63	-m	0	96	 430MB/s	 32525.55	 0.00%	 0.28%	
455	 4m	 write	 1	 1	 numactl	-C	0-0	-m	0	47	 198MB/s	    21.18	 0.45%	 0.84%	
456	 4m	 write	 1	 8	 numactl	-C	0-0	-m	0	46	 197MB/s	   170.09	 1.14%	 0.70%	
457	 4m	 write	 1	 16	 numactl	-C	0-0	-m	0	47	 198MB/s	   339.33	 1.21%	 0.49%	
458	 4m	 write	 1	 32	 numactl	-C	0-0	-m	0	46	 198MB/s	   682.62	 1.34%	 0.54%	
459	 4m	 write	 1	 64	 numactl	-C	0-0	-m	0	46	 199MB/s	  1362.94	 1.36%	 0.85%	
460	 4m	 write	 1	 128	 numactl	-C	0-0	-m	0	46	 204MB/s	  2685.03	 1.38%	 0.77%	
461	 4m	 write	 1	 256	 numactl	-C	0-0	-m	0	46	 214MB/s	  5246.09	 1.32%	 0.80%	
462	 4m	 write	 8	 1	 numactl	-C	0-7	-m	0	38	 160MB/s	   209.81	 0.07%	 0.06%	
463	 4m	 write	 8	 8	 numactl	-C	0-7	-m	0	46	 198MB/s	  1372.76	 0.17%	 0.10%	
464	 4m	 write	 8	 16	 numactl	-C	0-7	-m	0	35	 157MB/s	  3492.58	 0.15%	 0.06%	
465	 4m	 write	 8	 32	 numactl	-C	0-7	-m	0	41	 189MB/s	  5980.38	 0.16%	 0.08%	
466	 4m	 write	 8	 64	 numactl	-C	0-7	-m	0	39	 181MB/s	 11766.22	 0.15%	 0.07%	
467	 4m	 write	 8	 128	 numactl	-C	0-7	-m	0	38	 177MB/s	 21506.81	 0.13%	 0.08%	
468	 4m	 write	 8	 256	 numactl	-C	0-7	-m	0	39	 180MB/s	 31730.70	 0.14%	 0.07%	
469	 4m	 write	 16	 1	 numactl	-C	0-15	-m	0	37	 158MB/s	   424.61	 0.04%	 0.03%	
470	 4m	 write	 16	 8	 numactl	-C	0-15	-m	0	39	 175MB/s	  3123.71	 0.08%	 0.04%	
471	 4m	 write	 16	 16	 numactl	-C	0-15	-m	0	43	 197MB/s	  5691.81	 0.08%	 0.05%	
472	 4m	 write	 16	 32	 numactl	-C	0-15	-m	0	43	 199MB/s	 10783.35	 0.09%	 0.04%	
473	 4m	 write	 16	 64	 numactl	-C	0-15	-m	0	39	 182MB/s	 21053.69	 0.08%	 0.04%	
474	 4m	 write	 16	 128	 numactl	-C	0-15	-m	0	42	 193MB/s	 31367.75	 0.08%	 0.04%	
475	 4m	 write	 16	 256	 numactl	-C	0-15	-m	0	46	 210MB/s	 34024.14	 0.09%	 0.04%	
476	 4m	 write	 32	 1	 numactl	-C	0-31	-m	0	35	 147MB/s	   901.56	 0.02%	 0.02%	
477	 4m	 write	 32	 8	 numactl	-C	0-31	-m	0	42	 190MB/s	  5789.42	 0.05%	 0.02%	
478	 4m	 write	 32	 16	 numactl	-C	0-31	-m	0	43	 200MB/s	 10718.94	 0.04%	 0.02%	
479	 4m	 write	 32	 32	 numactl	-C	0-31	-m	0	41	 191MB/s	 20268.41	 0.04%	 0.02%	
480	 4m	 write	 32	 64	 numactl	-C	0-31	-m	0	39	 180MB/s	 32930.00	 0.04%	 0.02%	
481	 4m	 write	 32	 128	 numactl	-C	0-31	-m	0	41	 192MB/s	 36017.92	 0.04%	 0.02%	
482	 4m	 write	 32	 256	 numactl	-C	0-31	-m	0	41	 209MB/s	 36947.53	 0.05%	 0.04%	
483	 4m	 write	 64	 1	 numactl	-C	0-63	-m	0	35	 150MB/s	  1767.96	 0.02%	 0.01%	
484	 4m	 write	 64	 8	 numactl	-C	0-63	-m	0	40	 183MB/s	 11929.04	 0.02%	 0.01%	
485	 4m	 write	 64	 16	 numactl	-C	0-63	-m	0	41	 191MB/s	 21434.88	 0.02%	 0.01%	
486	 4m	 write	 64	 32	 numactl	-C	0-63	-m	0	40	 187MB/s	 34020.57	 0.02%	 0.01%	
487	 4m	 write	 64	 64	 numactl	-C	0-63	-m	0	40	 189MB/s	 38237.83	 0.02%	 0.01%	
488	 4m	 write	 64	 128	 numactl	-C	0-63	-m	0	44	 215MB/s	 40065.15	 0.02%	 0.09%	
489	 4m	 write	 64	 256	 numactl	-C	0-63	-m	0	61	 227MB/s	 34517.05	 0.05%	 0.09%	
490	 4m	 randread	 1	 1	 numactl	-C	0-0	-m	0	23	 98.2MB/s	 42690.48	 0.02%	 0.39%	
491	 4m	 randread	 1	 8	 numactl	-C	0-0	-m	0	27	 117MB/s	   288.72	 0.00%	 0.51%	
492	 4m	 randread	 1	 16	 numactl	-C	0-0	-m	0	28	 120MB/s	   561.69	 0.02%	 0.41%	
493	 4m	 randread	 1	 32	 numactl	-C	0-0	-m	0	28	 120MB/s	  1132.94	 0.00%	 0.43%	
494	 4m	 randread	 1	 64	 numactl	-C	0-0	-m	0	27	 122MB/s	  2254.75	 0.01%	 0.47%	
495	 4m	 randread	 1	 128	 numactl	-C	0-0	-m	0	27	 126MB/s	  4427.44	 0.01%	 0.48%	
496	 4m	 randread	 1	 256	 numactl	-C	0-0	-m	0	28	 130MB/s	  8521.46	 0.00%	 0.68%	
497	 4m	 randread	 8	 1	 numactl	-C	0-7	-m	0	28	 121MB/s	   275.69	 0.00%	 0.06%	
498	 4m	 randread	 8	 8	 numactl	-C	0-7	-m	0	24	 109MB/s	  2531.34	 0.00%	 0.05%	
499	 4m	 randread	 8	 16	 numactl	-C	0-7	-m	0	25	 114MB/s	  4925.73	 0.00%	 0.05%	
500	 4m	 randread	 8	 32	 numactl	-C	0-7	-m	0	25	 117MB/s	  9428.73	 0.00%	 0.08%	
501	 4m	 randread	 8	 64	 numactl	-C	0-7	-m	0	25	 117MB/s	 17394.36	 0.00%	 0.16%	
502	 4m	 randread	 8	 128	 numactl	-C	0-7	-m	0	25	 117MB/s	 29049.81	 0.00%	 0.31%	
503	 4m	 randread	 8	 256	 numactl	-C	0-7	-m	0	25	 117MB/s	 35693.54	 0.00%	 0.54%	
504	 4m	 randread	 16	 1	 numactl	-C	0-15	-m	0	28	 121MB/s	   552.16	 0.00%	 0.02%	
505	 4m	 randread	 16	 8	 numactl	-C	0-15	-m	0	25	 115MB/s	  4831.79	 0.00%	 0.03%	
506	 4m	 randread	 16	 16	 numactl	-C	0-15	-m	0	25	 118MB/s	  9397.89	 0.00%	 0.04%	
507	 4m	 randread	 16	 32	 numactl	-C	0-15	-m	0	25	 118MB/s	 17438.96	 0.00%	 0.08%	
508	 4m	 randread	 16	 64	 numactl	-C	0-15	-m	0	25	 118MB/s	 29307.45	 0.00%	 0.15%	
509	 4m	 randread	 16	 128	 numactl	-C	0-15	-m	0	25	 118MB/s	 36513.72	 0.00%	 0.28%	
510	 4m	 randread	 16	 256	 numactl	-C	0-15	-m	0	25	 118MB/s	 36934.38	 0.00%	 0.29%	
511	 4m	 randread	 32	 1	 numactl	-C	0-31	-m	0	28	 119MB/s	  1115.61	 0.00%	 0.01%	
512	 4m	 randread	 32	 8	 numactl	-C	0-31	-m	0	25	 116MB/s	  9161.36	 0.00%	 0.02%	
513	 4m	 randread	 32	 16	 numactl	-C	0-31	-m	0	25	 117MB/s	 17591.28	 0.00%	 0.04%	
514	 4m	 randread	 32	 32	 numactl	-C	0-31	-m	0	25	 117MB/s	 29852.72	 0.00%	 0.09%	
515	 4m	 randread	 32	 64	 numactl	-C	0-31	-m	0	25	 117MB/s	 38548.46	 0.00%	 0.17%	
516	 4m	 randread	 32	 128	 numactl	-C	0-31	-m	0	25	 117MB/s	 37927.19	 0.00%	 0.14%	
517	 4m	 randread	 32	 256	 numactl	-C	0-31	-m	0	25	 116MB/s	 38468.53	 0.00%	 0.17%	
518	 4m	 randread	 64	 1	 numactl	-C	0-63	-m	0	29	 126MB/s	  2099.06	 0.00%	 0.01%	
519	 4m	 randread	 64	 8	 numactl	-C	0-63	-m	0	24	 115MB/s	 16569.75	 0.00%	 0.02%	
520	 4m	 randread	 64	 16	 numactl	-C	0-63	-m	0	25	 116MB/s	 30271.96	 0.00%	 0.07%	
521	 4m	 randread	 64	 32	 numactl	-C	0-63	-m	0	25	 116MB/s	 43477.05	 0.00%	 0.09%	
522	 4m	 randread	 64	 64	 numactl	-C	0-63	-m	0	25	 115MB/s	 44133.26	 0.00%	 0.08%	
523	 4m	 randread	 64	 128	 numactl	-C	0-63	-m	0	25	 116MB/s	 43917.15	 0.00%	 0.08%	
524	 4m	 randread	 64	 256	 numactl	-C	0-63	-m	0	25	 116MB/s	 44116.97	 0.00%	 0.07%	
525	 4m	 randwrite	 1	 1	 numactl	-C	0-0	-m	0	21	 90.7MB/s	    46.24	 0.16%	 0.34%	
526	 4m	 randwrite	 1	 8	 numactl	-C	0-0	-m	0	28	 120MB/s	   280.84	 0.51%	 0.35%	
527	 4m	 randwrite	 1	 16	 numactl	-C	0-0	-m	0	26	 111MB/s	   606.27	 0.57%	 0.27%	
528	 4m	 randwrite	 1	 32	 numactl	-C	0-0	-m	0	24	 106MB/s	  1283.41	 0.56%	 0.31%	
529	 4m	 randwrite	 1	 64	 numactl	-C	0-0	-m	0	25	 109MB/s	  2518.28	 0.78%	 0.30%	
530	 4m	 randwrite	 1	 128	 numactl	-C	0-0	-m	0	25	 114MB/s	  4892.65	 0.84%	 0.26%	
531	 4m	 randwrite	 1	 256	 numactl	-C	0-0	-m	0	25	 117MB/s	  9406.17	 0.76%	 0.33%	
532	 4m	 randwrite	 8	 1	 numactl	-C	0-7	-m	0	28	 119MB/s	   281.51	 0.06%	 0.06%	
533	 4m	 randwrite	 8	 8	 numactl	-C	0-7	-m	0	22	 99.4MB/s	  2756.50	 0.08%	 0.04%	
534	 4m	 randwrite	 8	 16	 numactl	-C	0-7	-m	0	23	 106MB/s	  5338.36	 0.09%	 0.03%	
535	 4m	 randwrite	 8	 32	 numactl	-C	0-7	-m	0	23	 108MB/s	 10228.09	 0.09%	 0.04%	
536	 4m	 randwrite	 8	 64	 numactl	-C	0-7	-m	0	23	 109MB/s	 18624.67	 0.09%	 0.04%	
537	 4m	 randwrite	 8	 128	 numactl	-C	0-7	-m	0	23	 109MB/s	 30534.58	 0.08%	 0.04%	
538	 4m	 randwrite	 8	 256	 numactl	-C	0-7	-m	0	23	 107MB/s	 35497.28	 0.09%	 0.03%	
539	 4m	 randwrite	 16	 1	 numactl	-C	0-15	-m	0	27	 115MB/s	   578.74	 0.03%	 0.02%	
540	 4m	 randwrite	 16	 8	 numactl	-C	0-15	-m	0	23	 105MB/s	  5303.10	 0.04%	 0.02%	
541	 4m	 randwrite	 16	 16	 numactl	-C	0-15	-m	0	22	 107MB/s	 10244.70	 0.05%	 0.02%	
542	 4m	 randwrite	 16	 32	 numactl	-C	0-15	-m	0	22	 107MB/s	 19047.51	 0.04%	 0.02%	
543	 4m	 randwrite	 16	 64	 numactl	-C	0-15	-m	0	23	 108MB/s	 31200.53	 0.04%	 0.02%	
544	 4m	 randwrite	 16	 128	 numactl	-C	0-15	-m	0	23	 107MB/s	 37814.78	 0.05%	 0.02%	
545	 4m	 randwrite	 16	 256	 numactl	-C	0-15	-m	0	23	 110MB/s	 37809.83	 0.04%	 0.02%	
546	 4m	 randwrite	 32	 1	 numactl	-C	0-31	-m	0	27	 115MB/s	  1156.83	 0.02%	 0.01%	
547	 4m	 randwrite	 32	 8	 numactl	-C	0-31	-m	0	24	 112MB/s	  9885.15	 0.02%	 0.01%	
548	 4m	 randwrite	 32	 16	 numactl	-C	0-31	-m	0	24	 116MB/s	 18276.61	 0.02%	 0.01%	
549	 4m	 randwrite	 32	 32	 numactl	-C	0-31	-m	0	24	 113MB/s	 30981.53	 0.02%	 0.01%	
550	 4m	 randwrite	 32	 64	 numactl	-C	0-31	-m	0	24	 115MB/s	 38593.66	 0.02%	 0.01%	
551	 4m	 randwrite	 32	 128	 numactl	-C	0-31	-m	0	24	 114MB/s	 38379.81	 0.02%	 0.01%	
552	 4m	 randwrite	 32	 256	 numactl	-C	0-31	-m	0	25	 122MB/s	 38936.49	 0.03%	 0.01%	
553	 4m	 randwrite	 64	 1	 numactl	-C	0-63	-m	0	26	 112MB/s	  2375.00	 0.02%	 0.01%	
554	 4m	 randwrite	 64	 8	 numactl	-C	0-63	-m	0	24	 114MB/s	 17612.83	 0.01%	 0.01%	
555	 4m	 randwrite	 64	 16	 numactl	-C	0-63	-m	0	24	 116MB/s	 31498.81	 0.01%	 0.01%	
556	 4m	 randwrite	 64	 32	 numactl	-C	0-63	-m	0	24	 117MB/s	 42922.78	 0.01%	 0.01%	
557	 4m	 randwrite	 64	 64	 numactl	-C	0-63	-m	0	24	 117MB/s	 43944.90	 0.01%	 0.01%	
558	 4m	 randwrite	 64	 128	 numactl	-C	0-63	-m	0	29	 141MB/s	 42419.03	 0.01%	 0.09%	
559	 4m	 randwrite	 64	 256	 numactl	-C	0-63	-m	0	35	 144MB/s	 37156.00	 0.03%	 0.04%	
