  0	 bs-rw-numjob-iodepth	          4k-read-1-1	 10.4k 	 42.6MB/s  	 4.11%     	 19.92%	      	
  1	 bs-rw-numjob-iodepth	          4k-read-8-1	 7135  	 29.2MB/s  	 0.39%     	 1.70%	      	
  2	 bs-rw-numjob-iodepth	         4k-read-16-1	 6898  	 28.3MB/s  	 0.17%     	 0.86%	      	
  3	 bs-rw-numjob-iodepth	         4k-read-32-1	 6622  	 27.1MB/s  	 0.10%     	 0.45%	      	
  4	 bs-rw-numjob-iodepth	         4k-read-64-1	 7905  	 32.4MB/s  	 0.07%     	 0.27%	      	
  5	 bs-rw-numjob-iodepth	         4k-write-1-1	 9937  	 40.7MB/s  	 4.28%     	 20.07%	      	
  6	 bs-rw-numjob-iodepth	         4k-write-8-1	 4236  	 17.3MB/s  	 0.26%     	 1.22%	      	
  7	 bs-rw-numjob-iodepth	        4k-write-16-1	 4207  	 17.2MB/s  	 0.13%     	 0.56%	      	
  8	 bs-rw-numjob-iodepth	        4k-write-32-1	 3859  	 15.8MB/s  	 0.06%     	 0.19%	      	
  9	 bs-rw-numjob-iodepth	        4k-write-64-1	 4155  	 17.0MB/s  	 0.04%     	 0.13%	      	
 10	 bs-rw-numjob-iodepth	      4k-randread-1-1	 84    	 345kB/s   	 0.05%     	 0.16%	      	
 11	 bs-rw-numjob-iodepth	      4k-randread-8-1	 140   	 576kB/s   	 0.01%     	 0.04%	      	
 12	 bs-rw-numjob-iodepth	     4k-randread-16-1	 165   	 678kB/s   	 0.01%     	 0.02%	      	
 13	 bs-rw-numjob-iodepth	     4k-randread-32-1	 194   	 798kB/s   	 0.00%     	 0.01%	      	
 14	 bs-rw-numjob-iodepth	     4k-randread-64-1	 312   	 1281kB/s  	 0.00%     	 0.01%	      	
 15	 bs-rw-numjob-iodepth	     4k-randwrite-1-1	 332   	 1363kB/s  	 0.15%     	 0.66%	      	
 16	 bs-rw-numjob-iodepth	     4k-randwrite-8-1	 334   	 1370kB/s  	 0.02%     	 0.09%	      	
 17	 bs-rw-numjob-iodepth	    4k-randwrite-16-1	 332   	 1362kB/s  	 0.01%     	 0.04%	      	
 18	 bs-rw-numjob-iodepth	    4k-randwrite-32-1	 332   	 1360kB/s  	 0.01%     	 0.02%	      	
 19	 bs-rw-numjob-iodepth	    4k-randwrite-64-1	 664   	 2723kB/s  	 0.01%     	 0.02%	      	
 20	 bs-rw-numjob-iodepth	          8k-read-1-1	 10.4k 	 85.0MB/s  	 3.92%     	 19.89%	      	
 21	 bs-rw-numjob-iodepth	          8k-read-8-1	 6378  	 52.3MB/s  	 0.31%     	 1.50%	      	
 22	 bs-rw-numjob-iodepth	         8k-read-16-1	 7229  	 59.2MB/s  	 0.18%     	 0.89%	      	
 23	 bs-rw-numjob-iodepth	         8k-read-32-1	 6670  	 54.6MB/s  	 0.08%     	 0.42%	      	
 24	 bs-rw-numjob-iodepth	         8k-read-64-1	 6761  	 55.4MB/s  	 0.05%     	 0.24%	      	
 25	 bs-rw-numjob-iodepth	         8k-write-1-1	 9984  	 81.8MB/s  	 3.96%     	 22.68%	      	
 26	 bs-rw-numjob-iodepth	         8k-write-8-1	 5643  	 46.2MB/s  	 0.36%     	 1.42%	      	
 27	 bs-rw-numjob-iodepth	        8k-write-16-1	 4127  	 33.8MB/s  	 0.12%     	 0.52%	      	
 28	 bs-rw-numjob-iodepth	        8k-write-32-1	 3894  	 31.9MB/s  	 0.05%     	 0.21%	      	
 29	 bs-rw-numjob-iodepth	        8k-write-64-1	 3742  	 30.7MB/s  	 0.04%     	 0.12%	      	
 30	 bs-rw-numjob-iodepth	      8k-randread-1-1	 85    	 703kB/s   	 0.02%     	 0.19%	      	
 31	 bs-rw-numjob-iodepth	      8k-randread-8-1	 137   	 1126kB/s  	 0.01%     	 0.04%	      	
 32	 bs-rw-numjob-iodepth	     8k-randread-16-1	 164   	 1351kB/s  	 0.01%     	 0.02%	      	
 33	 bs-rw-numjob-iodepth	     8k-randread-32-1	 191   	 1566kB/s  	 0.00%     	 0.01%	      	
 34	 bs-rw-numjob-iodepth	     8k-randread-64-1	 351   	 2883kB/s  	 0.00%     	 0.01%	      	
 35	 bs-rw-numjob-iodepth	     8k-randwrite-1-1	 331   	 2719kB/s  	 0.09%     	 0.80%	      	
 36	 bs-rw-numjob-iodepth	     8k-randwrite-8-1	 332   	 2722kB/s  	 0.01%     	 0.11%	      	
 37	 bs-rw-numjob-iodepth	    8k-randwrite-16-1	 329   	 2703kB/s  	 0.01%     	 0.05%	      	
 38	 bs-rw-numjob-iodepth	    8k-randwrite-32-1	 325   	 2666kB/s  	 0.00%     	 0.02%	      	
 39	 bs-rw-numjob-iodepth	    8k-randwrite-64-1	 651   	 5336kB/s  	 0.01%     	 0.02%	      	
 40	 bs-rw-numjob-iodepth	          1m-read-1-1	 190   	 200MB/s   	 0.09%     	 1.09%	      	
 41	 bs-rw-numjob-iodepth	          1m-read-8-1	 166   	 174MB/s   	 0.01%     	 0.12%	      	
 42	 bs-rw-numjob-iodepth	         1m-read-16-1	 156   	 164MB/s   	 0.00%     	 0.06%	      	
 43	 bs-rw-numjob-iodepth	         1m-read-32-1	 219   	 230MB/s   	 0.00%     	 0.04%	      	
 44	 bs-rw-numjob-iodepth	         1m-read-64-1	 253   	 266MB/s   	 0.00%     	 0.02%	      	
 45	 bs-rw-numjob-iodepth	         1m-write-1-1	 190   	 199MB/s   	 2.21%     	 1.07%	      	
 46	 bs-rw-numjob-iodepth	         1m-write-8-1	 143   	 150MB/s   	 0.04%     	 0.11%	      	
 47	 bs-rw-numjob-iodepth	        1m-write-16-1	 134   	 141MB/s   	 0.05%     	 0.04%	      	
 48	 bs-rw-numjob-iodepth	        1m-write-32-1	 133   	 139MB/s   	 0.03%     	 0.02%	      	
 49	 bs-rw-numjob-iodepth	        1m-write-64-1	 145   	 153MB/s   	 0.01%     	 0.01%	      	
 50	 bs-rw-numjob-iodepth	      1m-randread-1-1	 41    	 43.6MB/s  	 0.03%     	 0.30%	      	
 51	 bs-rw-numjob-iodepth	      1m-randread-8-1	 72    	 75.7MB/s  	 0.00%     	 0.06%	      	
 52	 bs-rw-numjob-iodepth	     1m-randread-16-1	 78    	 81.0MB/s  	 0.00%     	 0.03%	      	
 53	 bs-rw-numjob-iodepth	     1m-randread-32-1	 79    	 83.4MB/s  	 0.00%     	 0.01%	      	
 54	 bs-rw-numjob-iodepth	     1m-randread-64-1	 77    	 81.5MB/s  	 0.00%     	 0.01%	      	
 55	 bs-rw-numjob-iodepth	     1m-randwrite-1-1	 79    	 83.5MB/s  	 1.18%     	 0.42%	      	
 56	 bs-rw-numjob-iodepth	     1m-randwrite-8-1	 79    	 83.3MB/s  	 0.09%     	 0.05%	      	
 57	 bs-rw-numjob-iodepth	    1m-randwrite-16-1	 78    	 82.8MB/s  	 0.05%     	 0.03%	      	
 58	 bs-rw-numjob-iodepth	    1m-randwrite-32-1	 79    	 83.6MB/s  	 0.02%     	 0.01%	      	
 59	 bs-rw-numjob-iodepth	    1m-randwrite-64-1	 79    	 83.4MB/s  	 0.01%     	 0.01%	      	
 60	 bs-rw-numjob-iodepth	          4m-read-1-1	 47    	 200MB/s   	 0.02%     	 0.97%	      	
 61	 bs-rw-numjob-iodepth	          4m-read-8-1	 42    	 180MB/s   	 0.00%     	 0.09%	      	
 62	 bs-rw-numjob-iodepth	         4m-read-16-1	 43    	 183MB/s   	 0.00%     	 0.05%	      	
 63	 bs-rw-numjob-iodepth	         4m-read-32-1	 56    	 236MB/s   	 0.00%     	 0.05%	      	
 64	 bs-rw-numjob-iodepth	         4m-read-64-1	 78    	 331MB/s   	 0.00%     	 0.04%	      	
 65	 bs-rw-numjob-iodepth	         4m-write-1-1	 47    	 200MB/s   	 0.52%     	 1.03%	      	
 66	 bs-rw-numjob-iodepth	         4m-write-8-1	 43    	 184MB/s   	 0.07%     	 0.08%	      	
 67	 bs-rw-numjob-iodepth	        4m-write-16-1	 37    	 158MB/s   	 0.05%     	 0.03%	      	
 68	 bs-rw-numjob-iodepth	        4m-write-32-1	 35    	 148MB/s   	 0.06%     	 0.04%	      	
 69	 bs-rw-numjob-iodepth	        4m-write-64-1	 33    	 144MB/s   	 0.03%     	 0.02%	      	
 70	 bs-rw-numjob-iodepth	      4m-randread-1-1	 23    	 99.2MB/s  	 0.03%     	 0.57%	      	
 71	 bs-rw-numjob-iodepth	      4m-randread-8-1	 23    	 97.5MB/s  	 0.00%     	 0.05%	      	
 72	 bs-rw-numjob-iodepth	     4m-randread-16-1	 23    	 98.9MB/s  	 0.00%     	 0.03%	      	
 73	 bs-rw-numjob-iodepth	     4m-randread-32-1	 26    	 110MB/s   	 0.00%     	 0.03%	      	
 74	 bs-rw-numjob-iodepth	     4m-randread-64-1	 25    	 110MB/s   	 0.00%     	 0.01%	      	
 75	 bs-rw-numjob-iodepth	     4m-randwrite-1-1	 22    	 93.5MB/s  	 0.23%     	 0.49%	      	
 76	 bs-rw-numjob-iodepth	     4m-randwrite-8-1	 19    	 83.0MB/s  	 0.05%     	 0.05%	      	
 77	 bs-rw-numjob-iodepth	    4m-randwrite-16-1	 20    	 86.2MB/s  	 0.03%     	 0.02%	      	
 78	 bs-rw-numjob-iodepth	    4m-randwrite-32-1	 23    	 99.9MB/s  	 0.04%     	 0.03%	      	
 79	 bs-rw-numjob-iodepth	    4m-randwrite-64-1	 24    	 104MB/s   	 0.02%     	 0.02%	      	
