1	  read: IOPS=9668, BW=37.8MiB/s (39.6MB/s)(2266MiB/60001msec)
2	  read: IOPS=16.1k, BW=62.9MiB/s (65.9MB/s)(3772MiB/60001msec)
3	  read: IOPS=20.1k, BW=78.5MiB/s (82.3MB/s)(4707MiB/60001msec)
4	  read: IOPS=27.5k, BW=107MiB/s (112MB/s)(6434MiB/60001msec)
5	  read: IOPS=32.7k, BW=128MiB/s (134MB/s)(7675MiB/60001msec)
6	  read: IOPS=37.6k, BW=147MiB/s (154MB/s)(8807MiB/60001msec)
7	  read: IOPS=41.1k, BW=161MiB/s (169MB/s)(9642MiB/60001msec)
8	  read: IOPS=41.2k, BW=161MiB/s (169MB/s)(9654MiB/60001msec)
9	  read: IOPS=43.9k, BW=171MiB/s (180MB/s)(10.0GiB/60001msec)
10	  read: IOPS=45.0k, BW=176MiB/s (184MB/s)(10.3GiB/60001msec)
11	  read: IOPS=44.5k, BW=174MiB/s (182MB/s)(10.2GiB/60001msec)
12	  read: IOPS=44.0k, BW=176MiB/s (184MB/s)(10.3GiB/60001msec)
13	  read: IOPS=46.1k, BW=180MiB/s (189MB/s)(10.6GiB/60001msec)
14	  read: IOPS=46.6k, BW=182MiB/s (191MB/s)(10.7GiB/60001msec)
15	  read: IOPS=44.6k, BW=174MiB/s (183MB/s)(10.2GiB/60001msec)
16	  read: IOPS=45.4k, BW=177MiB/s (186MB/s)(10.4GiB/60001msec)
17	  read: IOPS=46.7k, BW=182MiB/s (191MB/s)(10.7GiB/60001msec)
18	  read: IOPS=47.0k, BW=187MiB/s (197MB/s)(10.0GiB/60001msec)
19	  read: IOPS=47.3k, BW=185MiB/s (194MB/s)(10.8GiB/60001msec)
20	  read: IOPS=45.3k, BW=177MiB/s (186MB/s)(10.4GiB/60001msec)
21	  read: IOPS=48.7k, BW=190MiB/s (200MB/s)(11.1GiB/60001msec)
22	  read: IOPS=45.7k, BW=178MiB/s (187MB/s)(10.5GiB/60001msec)
23	  read: IOPS=46.4k, BW=181MiB/s (190MB/s)(10.6GiB/60001msec)
24	  read: IOPS=45.6k, BW=178MiB/s (187MB/s)(10.4GiB/60001msec)
25	  read: IOPS=48.8k, BW=190MiB/s (200MB/s)(11.2GiB/60001msec)
26	  read: IOPS=46.9k, BW=183MiB/s (192MB/s)(10.7GiB/60001msec)
27	  read: IOPS=47.3k, BW=185MiB/s (194MB/s)(10.8GiB/60001msec)
28	  read: IOPS=45.3k, BW=177MiB/s (186MB/s)(10.4GiB/60001msec)
29	  read: IOPS=48.2k, BW=188MiB/s (197MB/s)(11.0GiB/60001msec)
30	  read: IOPS=46.1k, BW=180MiB/s (189MB/s)(10.6GiB/60001msec)
31	  read: IOPS=46.8k, BW=183MiB/s (192MB/s)(10.7GiB/60001msec)
32	  read: IOPS=45.3k, BW=177MiB/s (186MB/s)(10.4GiB/60001msec)
33	  read: IOPS=47.0k, BW=187MiB/s (197MB/s)(10.0GiB/60001msec)
34	  read: IOPS=45.4k, BW=177MiB/s (186MB/s)(10.4GiB/60001msec)
35	  read: IOPS=45.2k, BW=177MiB/s (185MB/s)(10.4GiB/60001msec)
36	  read: IOPS=48.6k, BW=190MiB/s (199MB/s)(11.1GiB/60001msec)
37	  read: IOPS=46.7k, BW=183MiB/s (191MB/s)(10.7GiB/60001msec)
38	  read: IOPS=49.1k, BW=192MiB/s (201MB/s)(11.2GiB/60001msec)
39	  read: IOPS=45.4k, BW=177MiB/s (186MB/s)(10.4GiB/60001msec)
40	  read: IOPS=45.5k, BW=178MiB/s (186MB/s)(10.4GiB/60001msec)
41	  read: IOPS=45.4k, BW=177MiB/s (186MB/s)(10.4GiB/60001msec)
42	  read: IOPS=45.6k, BW=178MiB/s (187MB/s)(10.4GiB/60001msec)
43	  read: IOPS=46.0k, BW=180MiB/s (189MB/s)(10.5GiB/60001msec)
44	  read: IOPS=45.7k, BW=178MiB/s (187MB/s)(10.5GiB/60001msec)
45	  read: IOPS=45.3k, BW=177MiB/s (185MB/s)(10.4GiB/60001msec)
46	  read: IOPS=46.2k, BW=180MiB/s (189MB/s)(10.6GiB/60001msec)
47	  read: IOPS=45.3k, BW=177MiB/s (186MB/s)(10.4GiB/60001msec)
48	  read: IOPS=48.9k, BW=191MiB/s (200MB/s)(11.2GiB/60001msec)
49	  read: IOPS=45.1k, BW=176MiB/s (185MB/s)(10.3GiB/60001msec)
50	  read: IOPS=46.1k, BW=180MiB/s (189MB/s)(10.6GiB/60001msec)
51	  read: IOPS=47.8k, BW=187MiB/s (196MB/s)(10.9GiB/60001msec)
52	  read: IOPS=46.6k, BW=182MiB/s (191MB/s)(10.7GiB/60001msec)
53	  read: IOPS=47.6k, BW=186MiB/s (195MB/s)(10.9GiB/60001msec)
54	  read: IOPS=45.7k, BW=179MiB/s (187MB/s)(10.5GiB/60001msec)
55	  read: IOPS=46.1k, BW=180MiB/s (189MB/s)(10.6GiB/60001msec)
56	  read: IOPS=47.6k, BW=186MiB/s (195MB/s)(10.9GiB/60001msec)
57	  read: IOPS=45.2k, BW=177MiB/s (185MB/s)(10.3GiB/60001msec)
58	  read: IOPS=48.5k, BW=189MiB/s (199MB/s)(11.1GiB/60001msec)
59	  read: IOPS=45.3k, BW=177MiB/s (186MB/s)(10.4GiB/60001msec)
60	  read: IOPS=48.2k, BW=188MiB/s (197MB/s)(11.0GiB/60001msec)
61	  read: IOPS=46.9k, BW=183MiB/s (192MB/s)(10.7GiB/60001msec)
62	  read: IOPS=46.7k, BW=182MiB/s (191MB/s)(10.7GiB/60001msec)
63	  read: IOPS=47.4k, BW=185MiB/s (194MB/s)(10.8GiB/60001msec)
64	  read: IOPS=45.8k, BW=179MiB/s (188MB/s)(10.5GiB/60001msec)
65	  read: IOPS=52.4k, BW=205MiB/s (215MB/s)(11.0GiB/60001msec)
66	  read: IOPS=45.5k, BW=178MiB/s (186MB/s)(10.4GiB/60001msec)
67
68	
69	
70	
71	
72	
73	  read: IOPS=45.3k, BW=177MiB/s (186MB/s)(10.4GiB/60001msec)
74	  read: IOPS=45.7k, BW=179MiB/s (187MB/s)(10.5GiB/60001msec)
75	  read: IOPS=44.8k, BW=175MiB/s (183MB/s)(10.2GiB/60001msec)
76	  read: IOPS=46.3k, BW=181MiB/s (190MB/s)(10.6GiB/60001msec)
77	  read: IOPS=47.6k, BW=186MiB/s (195MB/s)(10.9GiB/60001msec)
78	  read: IOPS=45.9k, BW=179MiB/s (188MB/s)(10.5GiB/60001msec)
79	  read: IOPS=45.7k, BW=178MiB/s (187MB/s)(10.5GiB/60001msec)
80	  read: IOPS=46.5k, BW=182MiB/s (190MB/s)(10.6GiB/60001msec)
81	  read: IOPS=47.9k, BW=187MiB/s (196MB/s)(10.0GiB/60001msec)
82	  read: IOPS=45.4k, BW=177MiB/s (186MB/s)(10.4GiB/60001msec)
83	  read: IOPS=45.3k, BW=177MiB/s (185MB/s)(10.4GiB/60001msec)
84	  read: IOPS=46.3k, BW=181MiB/s (190MB/s)(10.6GiB/60001msec)
85	  read: IOPS=47.5k, BW=186MiB/s (195MB/s)(10.9GiB/60001msec)
86	  read: IOPS=46.7k, BW=182MiB/s (191MB/s)(10.7GiB/60001msec)
87	  read: IOPS=48.8k, BW=190MiB/s (200MB/s)(11.2GiB/60001msec)
88	  read: IOPS=51.7k, BW=202MiB/s (212MB/s)(11.8GiB/60001msec)
89	  read: IOPS=45.8k, BW=179MiB/s (187MB/s)(10.5GiB/60001msec)
90	  read: IOPS=45.8k, BW=179MiB/s (188MB/s)(10.5GiB/60001msec)
91	  read: IOPS=49.2k, BW=192MiB/s (201MB/s)(11.3GiB/60001msec)
92	  read: IOPS=45.9k, BW=179MiB/s (188MB/s)(10.5GiB/60001msec)
93	
94	  read: IOPS=45.0k, BW=180MiB/s (188MB/s)(10.5GiB/60001msec)
95	  read: IOPS=45.3k, BW=177MiB/s (186MB/s)(10.4GiB/60001msec)
96	  read: IOPS=45.3k, BW=177MiB/s (185MB/s)(10.4GiB/60001msec)
97	  read: IOPS=48.2k, BW=188MiB/s (197MB/s)(11.0GiB/60001msec)
