  0	 bs-rw-numjob-iodepth	          4k-read-1-1	 32.3k 	 132MB/s   	 4.48%     	 16.92%	      	
  1	 bs-rw-numjob-iodepth	          4k-read-8-1	 35.9k 	 147MB/s   	 0.64%     	 3.15%	      	
  2	 bs-rw-numjob-iodepth	         4k-read-16-1	 82.9k 	 339MB/s   	 1.36%     	 13.46%	      	
  3	 bs-rw-numjob-iodepth	         4k-read-32-1	 120k  	 492MB/s   	 1.09%     	 26.69%	      	
  4	 bs-rw-numjob-iodepth	         4k-read-64-1	 43.6k 	 178MB/s   	 0.14%     	 0.67%	      	
  5	 bs-rw-numjob-iodepth	         4k-write-1-1	 33.9k 	 139MB/s   	 4.37%     	 17.03%	      	
  6	 bs-rw-numjob-iodepth	         4k-write-8-1	 47.0k 	 197MB/s   	 1.10%     	 4.98%	      	
  7	 bs-rw-numjob-iodepth	        4k-write-16-1	 121k  	 496MB/s   	 1.97%     	 19.76%	      	
  8	 bs-rw-numjob-iodepth	        4k-write-32-1	 135k  	 553MB/s   	 1.09%     	 23.02%	      	
  9	 bs-rw-numjob-iodepth	        4k-write-64-1	 139k  	 570MB/s   	 0.56%     	 16.49%	      	
 10	 bs-rw-numjob-iodepth	      4k-randread-1-1	 7677  	 31.4MB/s  	 0.95%     	 3.96%	      	
 11	 bs-rw-numjob-iodepth	      4k-randread-8-1	 53.7k 	 220MB/s   	 1.70%     	 7.24%	      	
 12	 bs-rw-numjob-iodepth	     4k-randread-16-1	 89.1k 	 365MB/s   	 1.39%     	 9.40%	      	
 13	 bs-rw-numjob-iodepth	     4k-randread-32-1	 121k  	 496MB/s   	 1.03%     	 16.85%	      	
 14	 bs-rw-numjob-iodepth	     4k-randread-64-1	 107k  	 439MB/s   	 0.56%     	 76.68%	      	
 15	 bs-rw-numjob-iodepth	     4k-randwrite-1-1	 21.9k 	 89.8MB/s  	 3.12%     	 11.16%	      	
 16	 bs-rw-numjob-iodepth	     4k-randwrite-8-1	 38.3k 	 157MB/s   	 1.22%     	 9.78%	      	
 17	 bs-rw-numjob-iodepth	    4k-randwrite-16-1	 41.3k 	 169MB/s   	 0.67%     	 10.37%	      	
 18	 bs-rw-numjob-iodepth	    4k-randwrite-32-1	 43.0k 	 176MB/s   	 0.39%     	 10.26%	      	
 19	 bs-rw-numjob-iodepth	    4k-randwrite-64-1	 43.4k 	 178MB/s   	 0.20%     	 5.06%	      	
 20	 bs-rw-numjob-iodepth	          8k-read-1-1	 30.9k 	 253MB/s   	 3.89%     	 16.47%	      	
 21	 bs-rw-numjob-iodepth	          8k-read-8-1	 45.6k 	 374MB/s   	 1.06%     	 5.32%	      	
 22	 bs-rw-numjob-iodepth	         8k-read-16-1	 109k  	 896MB/s   	 1.80%     	 20.33%	      	
 23	 bs-rw-numjob-iodepth	         8k-read-32-1	 36.6k 	 300MB/s   	 0.20%     	 0.81%	      	
 24	 bs-rw-numjob-iodepth	         8k-read-64-1	 41.1k 	 337MB/s   	 0.12%     	 0.61%	      	
 25	 bs-rw-numjob-iodepth	         8k-write-1-1	 32.2k 	 264MB/s   	 4.30%     	 17.14%	      	
 26	 bs-rw-numjob-iodepth	         8k-write-8-1	 34.4k 	 282MB/s   	 0.63%     	 2.55%	      	
 27	 bs-rw-numjob-iodepth	        8k-write-16-1	 66.9k 	 548MB/s   	 1.01%     	 8.32%	      	
 28	 bs-rw-numjob-iodepth	        8k-write-32-1	 95.8k 	 785MB/s   	 0.74%     	 13.98%	      	
 29	 bs-rw-numjob-iodepth	        8k-write-64-1	 138k  	 1133MB/s  	 0.54%     	 17.49%	      	
 30	 bs-rw-numjob-iodepth	      8k-randread-1-1	 7037  	 57.7MB/s  	 1.04%     	 3.74%	      	
 31	 bs-rw-numjob-iodepth	      8k-randread-8-1	 44.0k 	 368MB/s   	 1.47%     	 7.21%	      	
 32	 bs-rw-numjob-iodepth	     8k-randread-16-1	 69.6k 	 570MB/s   	 1.16%     	 7.16%	      	
 33	 bs-rw-numjob-iodepth	     8k-randread-32-1	 92.0k 	 762MB/s   	 0.71%     	 8.08%	      	
 34	 bs-rw-numjob-iodepth	     8k-randread-64-1	 108k  	 881MB/s   	 0.46%     	 6.79%	      	
 35	 bs-rw-numjob-iodepth	     8k-randwrite-1-1	 21.5k 	 176MB/s   	 3.04%     	 11.97%	      	
 36	 bs-rw-numjob-iodepth	     8k-randwrite-8-1	 38.3k 	 314MB/s   	 1.05%     	 9.25%	      	
 37	 bs-rw-numjob-iodepth	    8k-randwrite-16-1	 41.1k 	 337MB/s   	 0.66%     	 10.86%	      	
 38	 bs-rw-numjob-iodepth	    8k-randwrite-32-1	 42.8k 	 350MB/s   	 0.38%     	 11.10%	      	
 39	 bs-rw-numjob-iodepth	    8k-randwrite-64-1	 43.1k 	 353MB/s   	 0.20%     	 5.00%	      	
 40	 bs-rw-numjob-iodepth	          1m-read-1-1	 445   	 467MB/s   	 0.05%     	 1.56%	      	
 41	 bs-rw-numjob-iodepth	          1m-read-8-1	 471   	 494MB/s   	 0.01%     	 0.20%	      	
 42	 bs-rw-numjob-iodepth	         1m-read-16-1	 476   	 499MB/s   	 0.01%     	 0.10%	      	
 43	 bs-rw-numjob-iodepth	         1m-read-32-1	 502   	 527MB/s   	 0.00%     	 0.06%	      	
 44	 bs-rw-numjob-iodepth	         1m-read-64-1	 982   	 1030MB/s  	 0.00%     	 0.09%	      	
 45	 bs-rw-numjob-iodepth	         1m-write-1-1	 758   	 795MB/s   	 1.30%     	 2.16%	      	
 46	 bs-rw-numjob-iodepth	         1m-write-8-1	 1709  	 1792MB/s  	 0.37%     	 0.66%	      	
 47	 bs-rw-numjob-iodepth	        1m-write-16-1	 1443  	 1514MB/s  	 0.17%     	 0.27%	      	
 48	 bs-rw-numjob-iodepth	        1m-write-32-1	 1932  	 2026MB/s  	 0.11%     	 0.19%	      	
 49	 bs-rw-numjob-iodepth	        1m-write-64-1	 1313  	 1378MB/s  	 0.07%     	 0.10%	      	
 50	 bs-rw-numjob-iodepth	      1m-randread-1-1	 424   	 445MB/s   	 0.10%     	 1.45%	      	
 51	 bs-rw-numjob-iodepth	      1m-randread-8-1	 1001  	 1050MB/s  	 0.02%     	 0.71%	      	
 52	 bs-rw-numjob-iodepth	     1m-randread-16-1	 1044  	 1096MB/s  	 0.01%     	 0.28%	      	
 53	 bs-rw-numjob-iodepth	     1m-randread-32-1	 1056  	 1107MB/s  	 0.01%     	 0.14%	      	
 54	 bs-rw-numjob-iodepth	     1m-randread-64-1	 1065  	 1118MB/s  	 0.01%     	 0.09%	      	
 55	 bs-rw-numjob-iodepth	     1m-randwrite-1-1	 772   	 810MB/s   	 1.32%     	 2.07%	      	
 56	 bs-rw-numjob-iodepth	     1m-randwrite-8-1	 770   	 807MB/s   	 0.18%     	 0.35%	      	
 57	 bs-rw-numjob-iodepth	    1m-randwrite-16-1	 765   	 802MB/s   	 0.09%     	 0.16%	      	
 58	 bs-rw-numjob-iodepth	    1m-randwrite-32-1	 742   	 779MB/s   	 0.05%     	 0.08%	      	
 59	 bs-rw-numjob-iodepth	    1m-randwrite-64-1	 718   	 754MB/s   	 0.05%     	 0.05%	      	
 60	 bs-rw-numjob-iodepth	          4m-read-1-1	 222   	 933MB/s   	 0.04%     	 2.67%	      	
 61	 bs-rw-numjob-iodepth	          4m-read-8-1	 151   	 637MB/s   	 0.01%     	 0.20%	      	
 62	 bs-rw-numjob-iodepth	         4m-read-16-1	 247   	 1037MB/s  	 0.00%     	 0.24%	      	
 63	 bs-rw-numjob-iodepth	         4m-read-32-1	 259   	 1088MB/s  	 0.00%     	 0.13%	      	
 64	 bs-rw-numjob-iodepth	         4m-read-64-1	 264   	 1112MB/s  	 0.00%     	 0.07%	      	
 65	 bs-rw-numjob-iodepth	         4m-write-1-1	 193   	 810MB/s   	 1.30%     	 1.84%	      	
 66	 bs-rw-numjob-iodepth	         4m-write-8-1	 419   	 1758MB/s  	 0.39%     	 0.44%	      	
 67	 bs-rw-numjob-iodepth	        4m-write-16-1	 263   	 1105MB/s  	 0.28%     	 0.18%	      	
 68	 bs-rw-numjob-iodepth	        4m-write-32-1	 338   	 1422MB/s  	 0.22%     	 0.13%	      	
 69	 bs-rw-numjob-iodepth	        4m-write-64-1	 532   	 2238MB/s  	 0.19%     	 0.11%	      	
 70	 bs-rw-numjob-iodepth	      4m-randread-1-1	 213   	 896MB/s   	 0.04%     	 2.60%	      	
 71	 bs-rw-numjob-iodepth	      4m-randread-8-1	 123   	 517MB/s   	 0.00%     	 0.16%	      	
 72	 bs-rw-numjob-iodepth	     4m-randread-16-1	 148   	 625MB/s   	 0.00%     	 0.11%	      	
 73	 bs-rw-numjob-iodepth	     4m-randread-32-1	 146   	 616MB/s   	 0.00%     	 0.06%	      	
 74	 bs-rw-numjob-iodepth	     4m-randread-64-1	 146   	 620MB/s   	 0.00%     	 0.03%	      	
 75	 bs-rw-numjob-iodepth	     4m-randwrite-1-1	 145   	 608MB/s   	 0.97%     	 1.36%	      	
 76	 bs-rw-numjob-iodepth	     4m-randwrite-8-1	 69    	 293MB/s   	 0.06%     	 0.07%	      	
 77	 bs-rw-numjob-iodepth	    4m-randwrite-16-1	 54    	 227MB/s   	 0.05%     	 0.03%	      	
 78	 bs-rw-numjob-iodepth	    4m-randwrite-32-1	 57    	 243MB/s   	 0.04%     	 0.01%	      	
 79	 bs-rw-numjob-iodepth	    4m-randwrite-64-1	 53    	 228MB/s   	 0.02%     	 0.01%	      	
